pygame 2.6.0 (SDL 2.28.4, Python 3.10.14)
Hello from the pygame community. https://www.pygame.org/contribute.html
Results saved to ppo_training_results.csv
Results saved to ppo_training_results.csv
Results saved to ppo_training_results.csv
Results saved to ppo_training_results.csv
Results saved to ppo_training_results.csv
Results saved to ppo_training_results.csv
Results saved to ppo_training_results.csv
Results saved to ppo_training_results.csv
Results saved to ppo_training_results.csv
Episode 100 	 Average Reward: 43.49
Results saved to ppo_training_results.csv
Results saved to ppo_training_results.csv
Results saved to ppo_training_results.csv
Results saved to ppo_training_results.csv
Results saved to ppo_training_results.csv
Results saved to ppo_training_results.csv
Results saved to ppo_training_results.csv
Results saved to ppo_training_results.csv
Results saved to ppo_training_results.csv
Results saved to ppo_training_results.csv
Episode 200 	 Average Reward: 38.71
Results saved to ppo_training_results.csv
Results saved to ppo_training_results.csv
Results saved to ppo_training_results.csv
Results saved to ppo_training_results.csv
Results saved to ppo_training_results.csv
Results saved to ppo_training_results.csv
Results saved to ppo_training_results.csv
Results saved to ppo_training_results.csv
Results saved to ppo_training_results.csv
Results saved to ppo_training_results.csv
Episode 300 	 Average Reward: 29.73
Results saved to ppo_training_results.csv
Results saved to ppo_training_results.csv
Results saved to ppo_training_results.csv
Results saved to ppo_training_results.csv
Results saved to ppo_training_results.csv
Results saved to ppo_training_results.csv
Results saved to ppo_training_results.csv
Results saved to ppo_training_results.csv
Results saved to ppo_training_results.csv
Results saved to ppo_training_results.csv
Episode 400 	 Average Reward: 48.67
Results saved to ppo_training_results.csv
Results saved to ppo_training_results.csv
Results saved to ppo_training_results.csv
Results saved to ppo_training_results.csv
Results saved to ppo_training_results.csv
Results saved to ppo_training_results.csv
Results saved to ppo_training_results.csv
Results saved to ppo_training_results.csv
Results saved to ppo_training_results.csv
Results saved to ppo_training_results.csv
Episode 500 	 Average Reward: 2.87
Results saved to ppo_training_results.csv
Results saved to ppo_training_results.csv
Results saved to ppo_training_results.csv
Results saved to ppo_training_results.csv
Results saved to ppo_training_results.csv
Results saved to ppo_training_results.csv
Results saved to ppo_training_results.csv
Results saved to ppo_training_results.csv
Results saved to ppo_training_results.csv
Results saved to ppo_training_results.csv
Episode 600 	 Average Reward: 7.89
Results saved to ppo_training_results.csv
Results saved to ppo_training_results.csv
Results saved to ppo_training_results.csv
Results saved to ppo_training_results.csv
Results saved to ppo_training_results.csv
Results saved to ppo_training_results.csv
Results saved to ppo_training_results.csv
Results saved to ppo_training_results.csv
Results saved to ppo_training_results.csv
Results saved to ppo_training_results.csv
Episode 700 	 Average Reward: 21.8
Results saved to ppo_training_results.csv
Results saved to ppo_training_results.csv
Results saved to ppo_training_results.csv
Results saved to ppo_training_results.csv
Results saved to ppo_training_results.csv
Results saved to ppo_training_results.csv
Results saved to ppo_training_results.csv
Results saved to ppo_training_results.csv
Results saved to ppo_training_results.csv
Results saved to ppo_training_results.csv
Episode 800 	 Average Reward: 25.13
Results saved to ppo_training_results.csv
Results saved to ppo_training_results.csv
Results saved to ppo_training_results.csv
Results saved to ppo_training_results.csv
Results saved to ppo_training_results.csv
Results saved to ppo_training_results.csv
Results saved to ppo_training_results.csv
Results saved to ppo_training_results.csv
Results saved to ppo_training_results.csv
Results saved to ppo_training_results.csv
Episode 900 	 Average Reward: 31.59
Results saved to ppo_training_results.csv
Results saved to ppo_training_results.csv
Results saved to ppo_training_results.csv
Results saved to ppo_training_results.csv
Results saved to ppo_training_results.csv
Results saved to ppo_training_results.csv
Results saved to ppo_training_results.csv
Results saved to ppo_training_results.csv
Results saved to ppo_training_results.csv
Results saved to ppo_training_results.csv
Episode 1000 	 Average Reward: 18.26
Results saved to ppo_training_results.csv
Results saved to ppo_training_results.csv
Results saved to ppo_training_results.csv
Results saved to ppo_training_results.csv
Results saved to ppo_training_results.csv
Results saved to ppo_training_results.csv
Results saved to ppo_training_results.csv
Results saved to ppo_training_results.csv
Results saved to ppo_training_results.csv
Results saved to ppo_training_results.csv
Episode 1100 	 Average Reward: 4.2
Results saved to ppo_training_results.csv
Results saved to ppo_training_results.csv
Results saved to ppo_training_results.csv
Results saved to ppo_training_results.csv
Results saved to ppo_training_results.csv
Results saved to ppo_training_results.csv
Results saved to ppo_training_results.csv
Results saved to ppo_training_results.csv
Results saved to ppo_training_results.csv
Results saved to ppo_training_results.csv
Episode 1200 	 Average Reward: -3.81
Results saved to ppo_training_results.csv
Results saved to ppo_training_results.csv
Results saved to ppo_training_results.csv
Results saved to ppo_training_results.csv
Results saved to ppo_training_results.csv
Results saved to ppo_training_results.csv
Results saved to ppo_training_results.csv
Results saved to ppo_training_results.csv
Results saved to ppo_training_results.csv
Results saved to ppo_training_results.csv
Episode 1300 	 Average Reward: 17.22
Results saved to ppo_training_results.csv
Results saved to ppo_training_results.csv
Results saved to ppo_training_results.csv
Results saved to ppo_training_results.csv
Results saved to ppo_training_results.csv
Results saved to ppo_training_results.csv
Results saved to ppo_training_results.csv
Results saved to ppo_training_results.csv
Results saved to ppo_training_results.csv
Results saved to ppo_training_results.csv
Episode 1400 	 Average Reward: 11.14
Results saved to ppo_training_results.csv
Results saved to ppo_training_results.csv
Results saved to ppo_training_results.csv
Results saved to ppo_training_results.csv
Results saved to ppo_training_results.csv
Results saved to ppo_training_results.csv
Results saved to ppo_training_results.csv
Results saved to ppo_training_results.csv
Results saved to ppo_training_results.csv
Results saved to ppo_training_results.csv
Episode 1500 	 Average Reward: 34.74
Results saved to ppo_training_results.csv
Results saved to ppo_training_results.csv
Results saved to ppo_training_results.csv
Results saved to ppo_training_results.csv
Results saved to ppo_training_results.csv
Results saved to ppo_training_results.csv
Results saved to ppo_training_results.csv
Results saved to ppo_training_results.csv
Results saved to ppo_training_results.csv
Results saved to ppo_training_results.csv
Episode 1600 	 Average Reward: 29.48
Results saved to ppo_training_results.csv
Results saved to ppo_training_results.csv
Results saved to ppo_training_results.csv
Results saved to ppo_training_results.csv
Results saved to ppo_training_results.csv
Results saved to ppo_training_results.csv
Results saved to ppo_training_results.csv
Results saved to ppo_training_results.csv
Results saved to ppo_training_results.csv
Results saved to ppo_training_results.csv
Episode 1700 	 Average Reward: 25.86
Results saved to ppo_training_results.csv
Results saved to ppo_training_results.csv
Results saved to ppo_training_results.csv
Results saved to ppo_training_results.csv
Results saved to ppo_training_results.csv
Results saved to ppo_training_results.csv
Results saved to ppo_training_results.csv
Results saved to ppo_training_results.csv
Results saved to ppo_training_results.csv
Results saved to ppo_training_results.csv
Episode 1800 	 Average Reward: 35.23
Results saved to ppo_training_results.csv
Results saved to ppo_training_results.csv
Results saved to ppo_training_results.csv
Results saved to ppo_training_results.csv
Results saved to ppo_training_results.csv
Results saved to ppo_training_results.csv
Results saved to ppo_training_results.csv
Results saved to ppo_training_results.csv
Results saved to ppo_training_results.csv
Results saved to ppo_training_results.csv
Episode 1900 	 Average Reward: 16.01
Results saved to ppo_training_results.csv
Results saved to ppo_training_results.csv
Results saved to ppo_training_results.csv
Results saved to ppo_training_results.csv
Results saved to ppo_training_results.csv
Results saved to ppo_training_results.csv
Results saved to ppo_training_results.csv
Results saved to ppo_training_results.csv
Results saved to ppo_training_results.csv
Results saved to ppo_training_results.csv
Episode 2000 	 Average Reward: 34.93
Results saved to ppo_training_results.csv
Results saved to ppo_training_results.csv
Results saved to ppo_training_results.csv
Results saved to ppo_training_results.csv
Results saved to ppo_training_results.csv
Results saved to ppo_training_results.csv
Results saved to ppo_training_results.csv
Results saved to ppo_training_results.csv
Results saved to ppo_training_results.csv
Results saved to ppo_training_results.csv
Episode 2100 	 Average Reward: 48.02
Results saved to ppo_training_results.csv
Results saved to ppo_training_results.csv
Results saved to ppo_training_results.csv
Results saved to ppo_training_results.csv
Results saved to ppo_training_results.csv
Results saved to ppo_training_results.csv
Results saved to ppo_training_results.csv
Results saved to ppo_training_results.csv
Results saved to ppo_training_results.csv
Results saved to ppo_training_results.csv
Episode 2200 	 Average Reward: 30.47
Results saved to ppo_training_results.csv
Results saved to ppo_training_results.csv
Results saved to ppo_training_results.csv
Results saved to ppo_training_results.csv
Results saved to ppo_training_results.csv
Results saved to ppo_training_results.csv
Results saved to ppo_training_results.csv
Results saved to ppo_training_results.csv
Results saved to ppo_training_results.csv
Results saved to ppo_training_results.csv
Episode 2300 	 Average Reward: 36.07
Results saved to ppo_training_results.csv
Results saved to ppo_training_results.csv
Results saved to ppo_training_results.csv
Results saved to ppo_training_results.csv
Results saved to ppo_training_results.csv
Results saved to ppo_training_results.csv
Results saved to ppo_training_results.csv
Results saved to ppo_training_results.csv
Results saved to ppo_training_results.csv
Results saved to ppo_training_results.csv
Episode 2400 	 Average Reward: 33.32
Results saved to ppo_training_results.csv
Results saved to ppo_training_results.csv
Results saved to ppo_training_results.csv
Results saved to ppo_training_results.csv
Results saved to ppo_training_results.csv
Results saved to ppo_training_results.csv
Results saved to ppo_training_results.csv
Results saved to ppo_training_results.csv
Results saved to ppo_training_results.csv
Results saved to ppo_training_results.csv
Episode 2500 	 Average Reward: 47.75
Results saved to ppo_training_results.csv
Results saved to ppo_training_results.csv
Results saved to ppo_training_results.csv
Results saved to ppo_training_results.csv
Results saved to ppo_training_results.csv
Results saved to ppo_training_results.csv
Results saved to ppo_training_results.csv
Results saved to ppo_training_results.csv
Results saved to ppo_training_results.csv
Results saved to ppo_training_results.csv
Episode 2600 	 Average Reward: 25.42
Results saved to ppo_training_results.csv
Results saved to ppo_training_results.csv
Results saved to ppo_training_results.csv
Results saved to ppo_training_results.csv
Results saved to ppo_training_results.csv
Results saved to ppo_training_results.csv
Results saved to ppo_training_results.csv
Results saved to ppo_training_results.csv
Results saved to ppo_training_results.csv
Results saved to ppo_training_results.csv
Episode 2700 	 Average Reward: 13.33
Results saved to ppo_training_results.csv
Results saved to ppo_training_results.csv
Results saved to ppo_training_results.csv
Results saved to ppo_training_results.csv
Results saved to ppo_training_results.csv
Results saved to ppo_training_results.csv
Results saved to ppo_training_results.csv
Results saved to ppo_training_results.csv
Results saved to ppo_training_results.csv
Results saved to ppo_training_results.csv
Episode 2800 	 Average Reward: 14.44
Results saved to ppo_training_results.csv
Results saved to ppo_training_results.csv
Results saved to ppo_training_results.csv
Results saved to ppo_training_results.csv
Results saved to ppo_training_results.csv
Results saved to ppo_training_results.csv
Results saved to ppo_training_results.csv
Results saved to ppo_training_results.csv
Results saved to ppo_training_results.csv
Results saved to ppo_training_results.csv
Episode 2900 	 Average Reward: 30.18
Results saved to ppo_training_results.csv
Results saved to ppo_training_results.csv
Results saved to ppo_training_results.csv
Results saved to ppo_training_results.csv
Results saved to ppo_training_results.csv
Results saved to ppo_training_results.csv
Results saved to ppo_training_results.csv
Results saved to ppo_training_results.csv
Results saved to ppo_training_results.csv
Results saved to ppo_training_results.csv
Episode 3000 	 Average Reward: 34.16
Results saved to ppo_training_results.csv
Results saved to ppo_training_results.csv
Results saved to ppo_training_results.csv
Results saved to ppo_training_results.csv
Results saved to ppo_training_results.csv
Results saved to ppo_training_results.csv
Results saved to ppo_training_results.csv
Results saved to ppo_training_results.csv
Results saved to ppo_training_results.csv
Results saved to ppo_training_results.csv
Episode 3100 	 Average Reward: 41.93
Results saved to ppo_training_results.csv
Results saved to ppo_training_results.csv
Results saved to ppo_training_results.csv
Results saved to ppo_training_results.csv
Results saved to ppo_training_results.csv
Results saved to ppo_training_results.csv
Results saved to ppo_training_results.csv
Results saved to ppo_training_results.csv
Results saved to ppo_training_results.csv
Results saved to ppo_training_results.csv
Episode 3200 	 Average Reward: 51.26
Results saved to ppo_training_results.csv
Results saved to ppo_training_results.csv
Results saved to ppo_training_results.csv
Results saved to ppo_training_results.csv
Results saved to ppo_training_results.csv
Results saved to ppo_training_results.csv
Results saved to ppo_training_results.csv
Results saved to ppo_training_results.csv
Results saved to ppo_training_results.csv
Results saved to ppo_training_results.csv
Episode 3300 	 Average Reward: 37.46
Results saved to ppo_training_results.csv
Results saved to ppo_training_results.csv
Results saved to ppo_training_results.csv
Results saved to ppo_training_results.csv
Results saved to ppo_training_results.csv
Results saved to ppo_training_results.csv
Results saved to ppo_training_results.csv
Results saved to ppo_training_results.csv
Results saved to ppo_training_results.csv
Results saved to ppo_training_results.csv
Episode 3400 	 Average Reward: 19.14
Results saved to ppo_training_results.csv
Results saved to ppo_training_results.csv
Results saved to ppo_training_results.csv
Results saved to ppo_training_results.csv
Results saved to ppo_training_results.csv
Results saved to ppo_training_results.csv
Results saved to ppo_training_results.csv
Results saved to ppo_training_results.csv
Results saved to ppo_training_results.csv
Results saved to ppo_training_results.csv
Episode 3500 	 Average Reward: 31.91
Results saved to ppo_training_results.csv
Results saved to ppo_training_results.csv
Results saved to ppo_training_results.csv
Results saved to ppo_training_results.csv
Results saved to ppo_training_results.csv
Results saved to ppo_training_results.csv
Results saved to ppo_training_results.csv
Results saved to ppo_training_results.csv
Results saved to ppo_training_results.csv
Results saved to ppo_training_results.csv
Episode 3600 	 Average Reward: 22.08
Results saved to ppo_training_results.csv
Results saved to ppo_training_results.csv
Results saved to ppo_training_results.csv
Results saved to ppo_training_results.csv
Results saved to ppo_training_results.csv
Results saved to ppo_training_results.csv
Results saved to ppo_training_results.csv
Results saved to ppo_training_results.csv
Results saved to ppo_training_results.csv
Results saved to ppo_training_results.csv
Episode 3700 	 Average Reward: 13.83
Results saved to ppo_training_results.csv
Results saved to ppo_training_results.csv
Results saved to ppo_training_results.csv
Results saved to ppo_training_results.csv
Results saved to ppo_training_results.csv
Results saved to ppo_training_results.csv
Results saved to ppo_training_results.csv
Results saved to ppo_training_results.csv
Results saved to ppo_training_results.csv
Results saved to ppo_training_results.csv
Episode 3800 	 Average Reward: 14.93
Results saved to ppo_training_results.csv
Results saved to ppo_training_results.csv
Results saved to ppo_training_results.csv
Results saved to ppo_training_results.csv
Results saved to ppo_training_results.csv
Results saved to ppo_training_results.csv
Results saved to ppo_training_results.csv
Results saved to ppo_training_results.csv
Results saved to ppo_training_results.csv
Results saved to ppo_training_results.csv
Episode 3900 	 Average Reward: 34.2
Results saved to ppo_training_results.csv
Results saved to ppo_training_results.csv
Results saved to ppo_training_results.csv
Results saved to ppo_training_results.csv
Results saved to ppo_training_results.csv
Results saved to ppo_training_results.csv
Results saved to ppo_training_results.csv
Results saved to ppo_training_results.csv
Results saved to ppo_training_results.csv
Results saved to ppo_training_results.csv
Episode 4000 	 Average Reward: 5.36
Results saved to ppo_training_results.csv
Results saved to ppo_training_results.csv
Results saved to ppo_training_results.csv
Results saved to ppo_training_results.csv
Results saved to ppo_training_results.csv
Results saved to ppo_training_results.csv
Results saved to ppo_training_results.csv
Results saved to ppo_training_results.csv
Results saved to ppo_training_results.csv
Results saved to ppo_training_results.csv
Episode 4100 	 Average Reward: 22.27
Results saved to ppo_training_results.csv
Results saved to ppo_training_results.csv
Results saved to ppo_training_results.csv
Results saved to ppo_training_results.csv
Results saved to ppo_training_results.csv
Results saved to ppo_training_results.csv
Results saved to ppo_training_results.csv
Results saved to ppo_training_results.csv
Results saved to ppo_training_results.csv
Results saved to ppo_training_results.csv
Episode 4200 	 Average Reward: 23.68
Results saved to ppo_training_results.csv
Results saved to ppo_training_results.csv
Results saved to ppo_training_results.csv
Results saved to ppo_training_results.csv
Results saved to ppo_training_results.csv
Results saved to ppo_training_results.csv
Results saved to ppo_training_results.csv
Results saved to ppo_training_results.csv
Results saved to ppo_training_results.csv
Results saved to ppo_training_results.csv
Episode 4300 	 Average Reward: 16.55
Results saved to ppo_training_results.csv
Results saved to ppo_training_results.csv
Results saved to ppo_training_results.csv
Results saved to ppo_training_results.csv
Results saved to ppo_training_results.csv
Results saved to ppo_training_results.csv
Results saved to ppo_training_results.csv
Results saved to ppo_training_results.csv
Results saved to ppo_training_results.csv
Results saved to ppo_training_results.csv
Episode 4400 	 Average Reward: -8.78
Results saved to ppo_training_results.csv
Results saved to ppo_training_results.csv
Results saved to ppo_training_results.csv
Results saved to ppo_training_results.csv
Results saved to ppo_training_results.csv
Results saved to ppo_training_results.csv
Results saved to ppo_training_results.csv
Results saved to ppo_training_results.csv
Results saved to ppo_training_results.csv
Results saved to ppo_training_results.csv
Episode 4500 	 Average Reward: 14.67
Results saved to ppo_training_results.csv
Results saved to ppo_training_results.csv
Results saved to ppo_training_results.csv
Results saved to ppo_training_results.csv
Results saved to ppo_training_results.csv
Results saved to ppo_training_results.csv
Results saved to ppo_training_results.csv
Results saved to ppo_training_results.csv
Results saved to ppo_training_results.csv
Results saved to ppo_training_results.csv
Episode 4600 	 Average Reward: 33.76
Results saved to ppo_training_results.csv
Results saved to ppo_training_results.csv
Results saved to ppo_training_results.csv
Results saved to ppo_training_results.csv
Results saved to ppo_training_results.csv
Results saved to ppo_training_results.csv
Results saved to ppo_training_results.csv
Results saved to ppo_training_results.csv
Results saved to ppo_training_results.csv
Results saved to ppo_training_results.csv
Episode 4700 	 Average Reward: 35.03
Results saved to ppo_training_results.csv
Results saved to ppo_training_results.csv
Results saved to ppo_training_results.csv
Results saved to ppo_training_results.csv
Results saved to ppo_training_results.csv
Results saved to ppo_training_results.csv
Results saved to ppo_training_results.csv
Results saved to ppo_training_results.csv
Results saved to ppo_training_results.csv
Results saved to ppo_training_results.csv
Episode 4800 	 Average Reward: 29.6
Results saved to ppo_training_results.csv
Results saved to ppo_training_results.csv
Results saved to ppo_training_results.csv
Results saved to ppo_training_results.csv
Results saved to ppo_training_results.csv
Results saved to ppo_training_results.csv
Results saved to ppo_training_results.csv
Results saved to ppo_training_results.csv
Results saved to ppo_training_results.csv
Results saved to ppo_training_results.csv
Episode 4900 	 Average Reward: 1.02
Results saved to ppo_training_results.csv
Results saved to ppo_training_results.csv
Results saved to ppo_training_results.csv
Results saved to ppo_training_results.csv
Results saved to ppo_training_results.csv
Results saved to ppo_training_results.csv
Results saved to ppo_training_results.csv
Results saved to ppo_training_results.csv
Results saved to ppo_training_results.csv
Results saved to ppo_training_results.csv
Episode 5000 	 Average Reward: -0.84
Results saved to ppo_training_results.csv
Results saved to ppo_training_results.csv
Results saved to ppo_training_results.csv
Results saved to ppo_training_results.csv
Results saved to ppo_training_results.csv
Results saved to ppo_training_results.csv
Results saved to ppo_training_results.csv
Results saved to ppo_training_results.csv
Results saved to ppo_training_results.csv
Results saved to ppo_training_results.csv
Episode 5100 	 Average Reward: 10.65
Results saved to ppo_training_results.csv
Results saved to ppo_training_results.csv
Results saved to ppo_training_results.csv
Results saved to ppo_training_results.csv
Results saved to ppo_training_results.csv
Results saved to ppo_training_results.csv
Results saved to ppo_training_results.csv
Results saved to ppo_training_results.csv
Results saved to ppo_training_results.csv
Results saved to ppo_training_results.csv
Episode 5200 	 Average Reward: 18.84
Results saved to ppo_training_results.csv
Results saved to ppo_training_results.csv
Results saved to ppo_training_results.csv
Results saved to ppo_training_results.csv
Results saved to ppo_training_results.csv
Results saved to ppo_training_results.csv
Results saved to ppo_training_results.csv
Results saved to ppo_training_results.csv
Results saved to ppo_training_results.csv
Results saved to ppo_training_results.csv
Episode 5300 	 Average Reward: 21.18
Results saved to ppo_training_results.csv
Results saved to ppo_training_results.csv
Results saved to ppo_training_results.csv
Results saved to ppo_training_results.csv
Results saved to ppo_training_results.csv
Results saved to ppo_training_results.csv
Results saved to ppo_training_results.csv
Results saved to ppo_training_results.csv
Results saved to ppo_training_results.csv
Results saved to ppo_training_results.csv
Episode 5400 	 Average Reward: 25.22
Results saved to ppo_training_results.csv
Results saved to ppo_training_results.csv
Results saved to ppo_training_results.csv
Results saved to ppo_training_results.csv
Results saved to ppo_training_results.csv
Results saved to ppo_training_results.csv
Results saved to ppo_training_results.csv
Results saved to ppo_training_results.csv
Results saved to ppo_training_results.csv
Results saved to ppo_training_results.csv
Episode 5500 	 Average Reward: 40.66
Results saved to ppo_training_results.csv
Results saved to ppo_training_results.csv
Results saved to ppo_training_results.csv
Results saved to ppo_training_results.csv
Results saved to ppo_training_results.csv
Results saved to ppo_training_results.csv
Results saved to ppo_training_results.csv
Results saved to ppo_training_results.csv
Results saved to ppo_training_results.csv
Results saved to ppo_training_results.csv
Episode 5600 	 Average Reward: 12.76
Results saved to ppo_training_results.csv
Results saved to ppo_training_results.csv
Results saved to ppo_training_results.csv
Results saved to ppo_training_results.csv
Results saved to ppo_training_results.csv
Results saved to ppo_training_results.csv
Results saved to ppo_training_results.csv
Results saved to ppo_training_results.csv
Results saved to ppo_training_results.csv
Results saved to ppo_training_results.csv
Episode 5700 	 Average Reward: 35.16
Results saved to ppo_training_results.csv
Results saved to ppo_training_results.csv
Results saved to ppo_training_results.csv
Results saved to ppo_training_results.csv
Results saved to ppo_training_results.csv
Results saved to ppo_training_results.csv
Results saved to ppo_training_results.csv
Results saved to ppo_training_results.csv
Results saved to ppo_training_results.csv
Results saved to ppo_training_results.csv
Episode 5800 	 Average Reward: 21.42
Results saved to ppo_training_results.csv
Results saved to ppo_training_results.csv
Results saved to ppo_training_results.csv
Results saved to ppo_training_results.csv
Results saved to ppo_training_results.csv
Results saved to ppo_training_results.csv
Results saved to ppo_training_results.csv
Results saved to ppo_training_results.csv
Results saved to ppo_training_results.csv
Results saved to ppo_training_results.csv
Episode 5900 	 Average Reward: 3.59
Results saved to ppo_training_results.csv
Results saved to ppo_training_results.csv
Results saved to ppo_training_results.csv
Results saved to ppo_training_results.csv
Results saved to ppo_training_results.csv
Results saved to ppo_training_results.csv
Results saved to ppo_training_results.csv
Results saved to ppo_training_results.csv
Results saved to ppo_training_results.csv
Results saved to ppo_training_results.csv
Episode 6000 	 Average Reward: 17.77
Results saved to ppo_training_results.csv
Results saved to ppo_training_results.csv
Results saved to ppo_training_results.csv
Results saved to ppo_training_results.csv
Results saved to ppo_training_results.csv
Results saved to ppo_training_results.csv
Results saved to ppo_training_results.csv
Results saved to ppo_training_results.csv
Results saved to ppo_training_results.csv
Results saved to ppo_training_results.csv
Episode 6100 	 Average Reward: 4.05
Results saved to ppo_training_results.csv
Results saved to ppo_training_results.csv
Results saved to ppo_training_results.csv
Results saved to ppo_training_results.csv
Results saved to ppo_training_results.csv
Results saved to ppo_training_results.csv
Results saved to ppo_training_results.csv
Results saved to ppo_training_results.csv
Results saved to ppo_training_results.csv
Results saved to ppo_training_results.csv
Episode 6200 	 Average Reward: 17.49
Results saved to ppo_training_results.csv
Results saved to ppo_training_results.csv
Results saved to ppo_training_results.csv
Results saved to ppo_training_results.csv
Results saved to ppo_training_results.csv
Results saved to ppo_training_results.csv
Results saved to ppo_training_results.csv
Results saved to ppo_training_results.csv
Results saved to ppo_training_results.csv
Results saved to ppo_training_results.csv
Episode 6300 	 Average Reward: 34.85
Results saved to ppo_training_results.csv
Results saved to ppo_training_results.csv
Results saved to ppo_training_results.csv
Results saved to ppo_training_results.csv
Results saved to ppo_training_results.csv
Results saved to ppo_training_results.csv
Results saved to ppo_training_results.csv
Results saved to ppo_training_results.csv
Results saved to ppo_training_results.csv
Results saved to ppo_training_results.csv
Episode 6400 	 Average Reward: 38.74
Results saved to ppo_training_results.csv
Results saved to ppo_training_results.csv
Results saved to ppo_training_results.csv
Results saved to ppo_training_results.csv
Results saved to ppo_training_results.csv
Results saved to ppo_training_results.csv
Results saved to ppo_training_results.csv
Results saved to ppo_training_results.csv
Results saved to ppo_training_results.csv
Results saved to ppo_training_results.csv
Episode 6500 	 Average Reward: 36.62
Results saved to ppo_training_results.csv
Results saved to ppo_training_results.csv
Results saved to ppo_training_results.csv
Results saved to ppo_training_results.csv
Results saved to ppo_training_results.csv
Results saved to ppo_training_results.csv
Results saved to ppo_training_results.csv
Results saved to ppo_training_results.csv
Results saved to ppo_training_results.csv
Results saved to ppo_training_results.csv
Episode 6600 	 Average Reward: 47.93
Results saved to ppo_training_results.csv
Results saved to ppo_training_results.csv
Results saved to ppo_training_results.csv
Results saved to ppo_training_results.csv
Results saved to ppo_training_results.csv
Results saved to ppo_training_results.csv
Results saved to ppo_training_results.csv
Results saved to ppo_training_results.csv
Results saved to ppo_training_results.csv
Results saved to ppo_training_results.csv
Episode 6700 	 Average Reward: 16.27
Results saved to ppo_training_results.csv
Results saved to ppo_training_results.csv
Results saved to ppo_training_results.csv
Results saved to ppo_training_results.csv
Results saved to ppo_training_results.csv
Results saved to ppo_training_results.csv
Results saved to ppo_training_results.csv
Results saved to ppo_training_results.csv
Results saved to ppo_training_results.csv
Results saved to ppo_training_results.csv
Episode 6800 	 Average Reward: 13.95
Results saved to ppo_training_results.csv
Results saved to ppo_training_results.csv
Results saved to ppo_training_results.csv
Results saved to ppo_training_results.csv
Results saved to ppo_training_results.csv
Results saved to ppo_training_results.csv
Results saved to ppo_training_results.csv
Results saved to ppo_training_results.csv
Results saved to ppo_training_results.csv
Results saved to ppo_training_results.csv
Episode 6900 	 Average Reward: -5.05
Results saved to ppo_training_results.csv
Results saved to ppo_training_results.csv
Results saved to ppo_training_results.csv
Results saved to ppo_training_results.csv
Results saved to ppo_training_results.csv
Results saved to ppo_training_results.csv
Results saved to ppo_training_results.csv
Results saved to ppo_training_results.csv
Results saved to ppo_training_results.csv
Results saved to ppo_training_results.csv
Episode 7000 	 Average Reward: -12.82
Results saved to ppo_training_results.csv
Results saved to ppo_training_results.csv
Results saved to ppo_training_results.csv
Results saved to ppo_training_results.csv
Results saved to ppo_training_results.csv
Results saved to ppo_training_results.csv
Results saved to ppo_training_results.csv
Results saved to ppo_training_results.csv
Results saved to ppo_training_results.csv
Results saved to ppo_training_results.csv
Episode 7100 	 Average Reward: 3.93
Results saved to ppo_training_results.csv
Results saved to ppo_training_results.csv
Results saved to ppo_training_results.csv
Results saved to ppo_training_results.csv
Results saved to ppo_training_results.csv
Results saved to ppo_training_results.csv
Results saved to ppo_training_results.csv
Results saved to ppo_training_results.csv
Results saved to ppo_training_results.csv
Results saved to ppo_training_results.csv
Episode 7200 	 Average Reward: 0.6
Results saved to ppo_training_results.csv
Results saved to ppo_training_results.csv
Results saved to ppo_training_results.csv
Results saved to ppo_training_results.csv
Results saved to ppo_training_results.csv
Results saved to ppo_training_results.csv
Results saved to ppo_training_results.csv
Results saved to ppo_training_results.csv
Results saved to ppo_training_results.csv
Results saved to ppo_training_results.csv
Episode 7300 	 Average Reward: -4.29
Results saved to ppo_training_results.csv
Results saved to ppo_training_results.csv
Results saved to ppo_training_results.csv
Results saved to ppo_training_results.csv
Results saved to ppo_training_results.csv
Results saved to ppo_training_results.csv
Results saved to ppo_training_results.csv
Results saved to ppo_training_results.csv
Results saved to ppo_training_results.csv
Results saved to ppo_training_results.csv
Episode 7400 	 Average Reward: 22.21
Results saved to ppo_training_results.csv
Results saved to ppo_training_results.csv
Results saved to ppo_training_results.csv
Results saved to ppo_training_results.csv
Results saved to ppo_training_results.csv
Results saved to ppo_training_results.csv
Results saved to ppo_training_results.csv
Results saved to ppo_training_results.csv
Results saved to ppo_training_results.csv
Results saved to ppo_training_results.csv
Episode 7500 	 Average Reward: 31.32
Results saved to ppo_training_results.csv
Results saved to ppo_training_results.csv
Results saved to ppo_training_results.csv
Results saved to ppo_training_results.csv
Results saved to ppo_training_results.csv
Results saved to ppo_training_results.csv
Results saved to ppo_training_results.csv
Results saved to ppo_training_results.csv
Results saved to ppo_training_results.csv
Results saved to ppo_training_results.csv
Episode 7600 	 Average Reward: 30.07
Results saved to ppo_training_results.csv
Results saved to ppo_training_results.csv
Results saved to ppo_training_results.csv
Results saved to ppo_training_results.csv
Results saved to ppo_training_results.csv
Results saved to ppo_training_results.csv
Results saved to ppo_training_results.csv
Results saved to ppo_training_results.csv
Results saved to ppo_training_results.csv
Results saved to ppo_training_results.csv
Episode 7700 	 Average Reward: 0.94
Results saved to ppo_training_results.csv
Results saved to ppo_training_results.csv
Results saved to ppo_training_results.csv
Results saved to ppo_training_results.csv
Results saved to ppo_training_results.csv
Results saved to ppo_training_results.csv
Results saved to ppo_training_results.csv
Results saved to ppo_training_results.csv
Results saved to ppo_training_results.csv
Results saved to ppo_training_results.csv
Episode 7800 	 Average Reward: 12.42
Results saved to ppo_training_results.csv
Results saved to ppo_training_results.csv
Results saved to ppo_training_results.csv
Results saved to ppo_training_results.csv
Results saved to ppo_training_results.csv
Results saved to ppo_training_results.csv
Results saved to ppo_training_results.csv
Results saved to ppo_training_results.csv
Results saved to ppo_training_results.csv
Results saved to ppo_training_results.csv
Episode 7900 	 Average Reward: 36.05
Results saved to ppo_training_results.csv
Results saved to ppo_training_results.csv
Results saved to ppo_training_results.csv
Results saved to ppo_training_results.csv
Results saved to ppo_training_results.csv
Results saved to ppo_training_results.csv
Results saved to ppo_training_results.csv
Results saved to ppo_training_results.csv
Results saved to ppo_training_results.csv
Results saved to ppo_training_results.csv
Episode 8000 	 Average Reward: 8.57
Results saved to ppo_training_results.csv
Results saved to ppo_training_results.csv
Results saved to ppo_training_results.csv
Results saved to ppo_training_results.csv
Results saved to ppo_training_results.csv
Results saved to ppo_training_results.csv
Results saved to ppo_training_results.csv
Results saved to ppo_training_results.csv
Results saved to ppo_training_results.csv
Results saved to ppo_training_results.csv
Episode 8100 	 Average Reward: 21.98
Results saved to ppo_training_results.csv
Results saved to ppo_training_results.csv
Results saved to ppo_training_results.csv
Results saved to ppo_training_results.csv
Results saved to ppo_training_results.csv
Results saved to ppo_training_results.csv
Results saved to ppo_training_results.csv
Results saved to ppo_training_results.csv
Results saved to ppo_training_results.csv
Results saved to ppo_training_results.csv
Episode 8200 	 Average Reward: 8.47
Results saved to ppo_training_results.csv
Results saved to ppo_training_results.csv
Results saved to ppo_training_results.csv
Results saved to ppo_training_results.csv
Results saved to ppo_training_results.csv
Results saved to ppo_training_results.csv
Results saved to ppo_training_results.csv
Results saved to ppo_training_results.csv
Results saved to ppo_training_results.csv
Results saved to ppo_training_results.csv
Episode 8300 	 Average Reward: -7.45
Results saved to ppo_training_results.csv
Results saved to ppo_training_results.csv
Results saved to ppo_training_results.csv
Results saved to ppo_training_results.csv
Results saved to ppo_training_results.csv
Results saved to ppo_training_results.csv
Results saved to ppo_training_results.csv
Results saved to ppo_training_results.csv
Results saved to ppo_training_results.csv
Results saved to ppo_training_results.csv
Episode 8400 	 Average Reward: 14.93
Results saved to ppo_training_results.csv
Results saved to ppo_training_results.csv
Results saved to ppo_training_results.csv
Results saved to ppo_training_results.csv
Results saved to ppo_training_results.csv
Results saved to ppo_training_results.csv
Results saved to ppo_training_results.csv
Results saved to ppo_training_results.csv
Results saved to ppo_training_results.csv
Results saved to ppo_training_results.csv
Episode 8500 	 Average Reward: 26.76
Results saved to ppo_training_results.csv
Results saved to ppo_training_results.csv
Results saved to ppo_training_results.csv
Results saved to ppo_training_results.csv
Results saved to ppo_training_results.csv
Results saved to ppo_training_results.csv
Results saved to ppo_training_results.csv
Results saved to ppo_training_results.csv
Results saved to ppo_training_results.csv
Results saved to ppo_training_results.csv
Episode 8600 	 Average Reward: 11.32
Results saved to ppo_training_results.csv
Results saved to ppo_training_results.csv
Results saved to ppo_training_results.csv
Results saved to ppo_training_results.csv
Results saved to ppo_training_results.csv
Results saved to ppo_training_results.csv
Results saved to ppo_training_results.csv
Results saved to ppo_training_results.csv
Results saved to ppo_training_results.csv
Results saved to ppo_training_results.csv
Episode 8700 	 Average Reward: 12.62
Results saved to ppo_training_results.csv
Results saved to ppo_training_results.csv
Results saved to ppo_training_results.csv
Results saved to ppo_training_results.csv
Results saved to ppo_training_results.csv
Results saved to ppo_training_results.csv
Results saved to ppo_training_results.csv
Results saved to ppo_training_results.csv
Results saved to ppo_training_results.csv
Results saved to ppo_training_results.csv
Episode 8800 	 Average Reward: 33.43
Results saved to ppo_training_results.csv
Results saved to ppo_training_results.csv
Results saved to ppo_training_results.csv
Results saved to ppo_training_results.csv
Results saved to ppo_training_results.csv
Results saved to ppo_training_results.csv
Results saved to ppo_training_results.csv
Results saved to ppo_training_results.csv
Results saved to ppo_training_results.csv
Results saved to ppo_training_results.csv
Episode 8900 	 Average Reward: 16.36
Results saved to ppo_training_results.csv
Results saved to ppo_training_results.csv
Results saved to ppo_training_results.csv
Results saved to ppo_training_results.csv
Results saved to ppo_training_results.csv
Results saved to ppo_training_results.csv
Results saved to ppo_training_results.csv
Results saved to ppo_training_results.csv
Results saved to ppo_training_results.csv
Results saved to ppo_training_results.csv
Episode 9000 	 Average Reward: 39.79
Results saved to ppo_training_results.csv
Results saved to ppo_training_results.csv
Results saved to ppo_training_results.csv
Results saved to ppo_training_results.csv
Results saved to ppo_training_results.csv
Results saved to ppo_training_results.csv
Results saved to ppo_training_results.csv
Results saved to ppo_training_results.csv
Results saved to ppo_training_results.csv
Results saved to ppo_training_results.csv
Episode 9100 	 Average Reward: 16.89
Results saved to ppo_training_results.csv
Results saved to ppo_training_results.csv
Results saved to ppo_training_results.csv
Results saved to ppo_training_results.csv
Results saved to ppo_training_results.csv
Results saved to ppo_training_results.csv
Results saved to ppo_training_results.csv
Results saved to ppo_training_results.csv
Results saved to ppo_training_results.csv
Results saved to ppo_training_results.csv
Episode 9200 	 Average Reward: 39.41
Results saved to ppo_training_results.csv
Results saved to ppo_training_results.csv
Results saved to ppo_training_results.csv
Results saved to ppo_training_results.csv
Results saved to ppo_training_results.csv
Results saved to ppo_training_results.csv
Results saved to ppo_training_results.csv
Results saved to ppo_training_results.csv
Results saved to ppo_training_results.csv
Results saved to ppo_training_results.csv
Episode 9300 	 Average Reward: 67.82
Results saved to ppo_training_results.csv
Results saved to ppo_training_results.csv
Results saved to ppo_training_results.csv
Results saved to ppo_training_results.csv
Results saved to ppo_training_results.csv
Results saved to ppo_training_results.csv
Results saved to ppo_training_results.csv
Results saved to ppo_training_results.csv
Results saved to ppo_training_results.csv
Results saved to ppo_training_results.csv
Episode 9400 	 Average Reward: 14.81
Results saved to ppo_training_results.csv
Results saved to ppo_training_results.csv
Results saved to ppo_training_results.csv
Results saved to ppo_training_results.csv
Results saved to ppo_training_results.csv
Results saved to ppo_training_results.csv
Results saved to ppo_training_results.csv
Results saved to ppo_training_results.csv
Results saved to ppo_training_results.csv
Results saved to ppo_training_results.csv
Episode 9500 	 Average Reward: 5.66
Results saved to ppo_training_results.csv
Results saved to ppo_training_results.csv
Results saved to ppo_training_results.csv
Results saved to ppo_training_results.csv
Results saved to ppo_training_results.csv
Results saved to ppo_training_results.csv
Results saved to ppo_training_results.csv
Results saved to ppo_training_results.csv
Results saved to ppo_training_results.csv
Results saved to ppo_training_results.csv
Episode 9600 	 Average Reward: -5.11
Results saved to ppo_training_results.csv
Results saved to ppo_training_results.csv
Results saved to ppo_training_results.csv
Results saved to ppo_training_results.csv
Results saved to ppo_training_results.csv
Results saved to ppo_training_results.csv
Results saved to ppo_training_results.csv
Results saved to ppo_training_results.csv
Results saved to ppo_training_results.csv
Results saved to ppo_training_results.csv
Episode 9700 	 Average Reward: 22.94
Results saved to ppo_training_results.csv
Results saved to ppo_training_results.csv
Results saved to ppo_training_results.csv
Results saved to ppo_training_results.csv
Results saved to ppo_training_results.csv
Results saved to ppo_training_results.csv
Results saved to ppo_training_results.csv
Results saved to ppo_training_results.csv
Results saved to ppo_training_results.csv
Results saved to ppo_training_results.csv
Episode 9800 	 Average Reward: 17.66
Results saved to ppo_training_results.csv
Results saved to ppo_training_results.csv
Results saved to ppo_training_results.csv
Results saved to ppo_training_results.csv
Results saved to ppo_training_results.csv
Results saved to ppo_training_results.csv
Results saved to ppo_training_results.csv
Results saved to ppo_training_results.csv
Results saved to ppo_training_results.csv
Results saved to ppo_training_results.csv
Episode 9900 	 Average Reward: 28.22
Results saved to ppo_training_results.csv
Results saved to ppo_training_results.csv
Results saved to ppo_training_results.csv
Results saved to ppo_training_results.csv
Results saved to ppo_training_results.csv
Results saved to ppo_training_results.csv
Results saved to ppo_training_results.csv
Results saved to ppo_training_results.csv
Results saved to ppo_training_results.csv
Results saved to ppo_training_results.csv
Episode 10000 	 Average Reward: 25.48
Results saved to ppo_training_results.csv
Results saved to ppo_training_results.csv
