pygame 2.6.0 (SDL 2.28.4, Python 3.10.14)
Hello from the pygame community. https://www.pygame.org/contribute.html
Results saved to ddpg_training_results.csv
Results saved to ddpg_training_results.csv
Results saved to ddpg_training_results.csv
Results saved to ddpg_training_results.csv
Results saved to ddpg_training_results.csv
Results saved to ddpg_training_results.csv
Results saved to ddpg_training_results.csv
Results saved to ddpg_training_results.csv
Results saved to ddpg_training_results.csv
Episode 100 	 Average Reward: 9.34
Results saved to ddpg_training_results.csv
Results saved to ddpg_training_results.csv
Results saved to ddpg_training_results.csv
Results saved to ddpg_training_results.csv
Results saved to ddpg_training_results.csv
Results saved to ddpg_training_results.csv
Results saved to ddpg_training_results.csv
Results saved to ddpg_training_results.csv
Results saved to ddpg_training_results.csv
Results saved to ddpg_training_results.csv
Episode 200 	 Average Reward: 16.85
Results saved to ddpg_training_results.csv
Results saved to ddpg_training_results.csv
Results saved to ddpg_training_results.csv
Results saved to ddpg_training_results.csv
Results saved to ddpg_training_results.csv
Results saved to ddpg_training_results.csv
Results saved to ddpg_training_results.csv
Results saved to ddpg_training_results.csv
Results saved to ddpg_training_results.csv
Results saved to ddpg_training_results.csv
Episode 300 	 Average Reward: 66.37
Results saved to ddpg_training_results.csv
Results saved to ddpg_training_results.csv
Results saved to ddpg_training_results.csv
Results saved to ddpg_training_results.csv
Results saved to ddpg_training_results.csv
Results saved to ddpg_training_results.csv
Results saved to ddpg_training_results.csv
Results saved to ddpg_training_results.csv
Results saved to ddpg_training_results.csv
Results saved to ddpg_training_results.csv
Episode 400 	 Average Reward: 75.1
Results saved to ddpg_training_results.csv
Results saved to ddpg_training_results.csv
Results saved to ddpg_training_results.csv
Results saved to ddpg_training_results.csv
Results saved to ddpg_training_results.csv
Results saved to ddpg_training_results.csv
Results saved to ddpg_training_results.csv
Results saved to ddpg_training_results.csv
Results saved to ddpg_training_results.csv
Results saved to ddpg_training_results.csv
Episode 500 	 Average Reward: 80.26
Results saved to ddpg_training_results.csv
Results saved to ddpg_training_results.csv
Results saved to ddpg_training_results.csv
Results saved to ddpg_training_results.csv
Results saved to ddpg_training_results.csv
Results saved to ddpg_training_results.csv
Results saved to ddpg_training_results.csv
Results saved to ddpg_training_results.csv
Results saved to ddpg_training_results.csv
Results saved to ddpg_training_results.csv
Episode 600 	 Average Reward: 82.29
Results saved to ddpg_training_results.csv
Results saved to ddpg_training_results.csv
Results saved to ddpg_training_results.csv
Results saved to ddpg_training_results.csv
Results saved to ddpg_training_results.csv
Results saved to ddpg_training_results.csv
Results saved to ddpg_training_results.csv
Results saved to ddpg_training_results.csv
Results saved to ddpg_training_results.csv
Results saved to ddpg_training_results.csv
Episode 700 	 Average Reward: 78.44
Results saved to ddpg_training_results.csv
Results saved to ddpg_training_results.csv
Results saved to ddpg_training_results.csv
Results saved to ddpg_training_results.csv
Results saved to ddpg_training_results.csv
Results saved to ddpg_training_results.csv
Results saved to ddpg_training_results.csv
Results saved to ddpg_training_results.csv
Results saved to ddpg_training_results.csv
Results saved to ddpg_training_results.csv
Episode 800 	 Average Reward: 70.81
Results saved to ddpg_training_results.csv
Results saved to ddpg_training_results.csv
Results saved to ddpg_training_results.csv
Results saved to ddpg_training_results.csv
Results saved to ddpg_training_results.csv
Results saved to ddpg_training_results.csv
Results saved to ddpg_training_results.csv
Results saved to ddpg_training_results.csv
Results saved to ddpg_training_results.csv
Results saved to ddpg_training_results.csv
Episode 900 	 Average Reward: 82.63
Results saved to ddpg_training_results.csv
Results saved to ddpg_training_results.csv
Results saved to ddpg_training_results.csv
Results saved to ddpg_training_results.csv
Results saved to ddpg_training_results.csv
Results saved to ddpg_training_results.csv
Results saved to ddpg_training_results.csv
Results saved to ddpg_training_results.csv
Results saved to ddpg_training_results.csv
Results saved to ddpg_training_results.csv
Episode 1000 	 Average Reward: 82.67
Results saved to ddpg_training_results.csv
Results saved to ddpg_training_results.csv
Results saved to ddpg_training_results.csv
Results saved to ddpg_training_results.csv
Results saved to ddpg_training_results.csv
Results saved to ddpg_training_results.csv
Results saved to ddpg_training_results.csv
Results saved to ddpg_training_results.csv
Results saved to ddpg_training_results.csv
Results saved to ddpg_training_results.csv
Episode 1100 	 Average Reward: 82.7
Results saved to ddpg_training_results.csv
Results saved to ddpg_training_results.csv
Results saved to ddpg_training_results.csv
Results saved to ddpg_training_results.csv
Results saved to ddpg_training_results.csv
Results saved to ddpg_training_results.csv
Results saved to ddpg_training_results.csv
Results saved to ddpg_training_results.csv
Results saved to ddpg_training_results.csv
Results saved to ddpg_training_results.csv
Episode 1200 	 Average Reward: 80.72
Results saved to ddpg_training_results.csv
Results saved to ddpg_training_results.csv
Results saved to ddpg_training_results.csv
Results saved to ddpg_training_results.csv
Results saved to ddpg_training_results.csv
Results saved to ddpg_training_results.csv
Results saved to ddpg_training_results.csv
Results saved to ddpg_training_results.csv
Results saved to ddpg_training_results.csv
Results saved to ddpg_training_results.csv
Episode 1300 	 Average Reward: 82.46
Results saved to ddpg_training_results.csv
Results saved to ddpg_training_results.csv
Results saved to ddpg_training_results.csv
Results saved to ddpg_training_results.csv
Results saved to ddpg_training_results.csv
Results saved to ddpg_training_results.csv
Results saved to ddpg_training_results.csv
Results saved to ddpg_training_results.csv
Results saved to ddpg_training_results.csv
Results saved to ddpg_training_results.csv
Episode 1400 	 Average Reward: 82.29
Results saved to ddpg_training_results.csv
Results saved to ddpg_training_results.csv
Results saved to ddpg_training_results.csv
Results saved to ddpg_training_results.csv
Results saved to ddpg_training_results.csv
Results saved to ddpg_training_results.csv
Results saved to ddpg_training_results.csv
Results saved to ddpg_training_results.csv
Results saved to ddpg_training_results.csv
Results saved to ddpg_training_results.csv
Episode 1500 	 Average Reward: 82.23
Results saved to ddpg_training_results.csv
Results saved to ddpg_training_results.csv
Results saved to ddpg_training_results.csv
Results saved to ddpg_training_results.csv
Results saved to ddpg_training_results.csv
Results saved to ddpg_training_results.csv
Results saved to ddpg_training_results.csv
Results saved to ddpg_training_results.csv
Results saved to ddpg_training_results.csv
Results saved to ddpg_training_results.csv
Episode 1600 	 Average Reward: 82.29
Results saved to ddpg_training_results.csv
Results saved to ddpg_training_results.csv
Results saved to ddpg_training_results.csv
Results saved to ddpg_training_results.csv
Results saved to ddpg_training_results.csv
Results saved to ddpg_training_results.csv
Results saved to ddpg_training_results.csv
Results saved to ddpg_training_results.csv
Results saved to ddpg_training_results.csv
Results saved to ddpg_training_results.csv
Episode 1700 	 Average Reward: 80.44
Results saved to ddpg_training_results.csv
Results saved to ddpg_training_results.csv
Results saved to ddpg_training_results.csv
Results saved to ddpg_training_results.csv
Results saved to ddpg_training_results.csv
Results saved to ddpg_training_results.csv
Results saved to ddpg_training_results.csv
Results saved to ddpg_training_results.csv
Results saved to ddpg_training_results.csv
Results saved to ddpg_training_results.csv
Episode 1800 	 Average Reward: 82.26
Results saved to ddpg_training_results.csv
Results saved to ddpg_training_results.csv
Results saved to ddpg_training_results.csv
Results saved to ddpg_training_results.csv
Results saved to ddpg_training_results.csv
Results saved to ddpg_training_results.csv
Results saved to ddpg_training_results.csv
Results saved to ddpg_training_results.csv
Results saved to ddpg_training_results.csv
Results saved to ddpg_training_results.csv
Episode 1900 	 Average Reward: 81.28
Results saved to ddpg_training_results.csv
Results saved to ddpg_training_results.csv
Results saved to ddpg_training_results.csv
Results saved to ddpg_training_results.csv
Results saved to ddpg_training_results.csv
Results saved to ddpg_training_results.csv
Results saved to ddpg_training_results.csv
Results saved to ddpg_training_results.csv
Results saved to ddpg_training_results.csv
Results saved to ddpg_training_results.csv
Episode 2000 	 Average Reward: 82.33
Results saved to ddpg_training_results.csv
Results saved to ddpg_training_results.csv
Results saved to ddpg_training_results.csv
Results saved to ddpg_training_results.csv
Results saved to ddpg_training_results.csv
Results saved to ddpg_training_results.csv
Results saved to ddpg_training_results.csv
Results saved to ddpg_training_results.csv
Results saved to ddpg_training_results.csv
Results saved to ddpg_training_results.csv
Episode 2100 	 Average Reward: 82.47
Results saved to ddpg_training_results.csv
Results saved to ddpg_training_results.csv
Results saved to ddpg_training_results.csv
Results saved to ddpg_training_results.csv
Results saved to ddpg_training_results.csv
Results saved to ddpg_training_results.csv
Results saved to ddpg_training_results.csv
Results saved to ddpg_training_results.csv
Results saved to ddpg_training_results.csv
Results saved to ddpg_training_results.csv
Episode 2200 	 Average Reward: 72.73
Results saved to ddpg_training_results.csv
Results saved to ddpg_training_results.csv
Results saved to ddpg_training_results.csv
Results saved to ddpg_training_results.csv
Results saved to ddpg_training_results.csv
Results saved to ddpg_training_results.csv
Results saved to ddpg_training_results.csv
Results saved to ddpg_training_results.csv
Results saved to ddpg_training_results.csv
Results saved to ddpg_training_results.csv
Episode 2300 	 Average Reward: 82.35
Results saved to ddpg_training_results.csv
Results saved to ddpg_training_results.csv
Results saved to ddpg_training_results.csv
Results saved to ddpg_training_results.csv
Results saved to ddpg_training_results.csv
Results saved to ddpg_training_results.csv
Results saved to ddpg_training_results.csv
Results saved to ddpg_training_results.csv
Results saved to ddpg_training_results.csv
Results saved to ddpg_training_results.csv
Episode 2400 	 Average Reward: 82.47
Results saved to ddpg_training_results.csv
Results saved to ddpg_training_results.csv
Results saved to ddpg_training_results.csv
Results saved to ddpg_training_results.csv
Results saved to ddpg_training_results.csv
Results saved to ddpg_training_results.csv
Results saved to ddpg_training_results.csv
Results saved to ddpg_training_results.csv
Results saved to ddpg_training_results.csv
Results saved to ddpg_training_results.csv
Episode 2500 	 Average Reward: 82.56
Results saved to ddpg_training_results.csv
Results saved to ddpg_training_results.csv
Results saved to ddpg_training_results.csv
Results saved to ddpg_training_results.csv
Results saved to ddpg_training_results.csv
Results saved to ddpg_training_results.csv
Results saved to ddpg_training_results.csv
Results saved to ddpg_training_results.csv
Results saved to ddpg_training_results.csv
Results saved to ddpg_training_results.csv
Episode 2600 	 Average Reward: 82.49
Results saved to ddpg_training_results.csv
Results saved to ddpg_training_results.csv
Results saved to ddpg_training_results.csv
Results saved to ddpg_training_results.csv
Results saved to ddpg_training_results.csv
Results saved to ddpg_training_results.csv
Results saved to ddpg_training_results.csv
Results saved to ddpg_training_results.csv
Results saved to ddpg_training_results.csv
Results saved to ddpg_training_results.csv
Episode 2700 	 Average Reward: 80.54
Results saved to ddpg_training_results.csv
Results saved to ddpg_training_results.csv
Results saved to ddpg_training_results.csv
Results saved to ddpg_training_results.csv
Results saved to ddpg_training_results.csv
Results saved to ddpg_training_results.csv
Results saved to ddpg_training_results.csv
Results saved to ddpg_training_results.csv
Results saved to ddpg_training_results.csv
Results saved to ddpg_training_results.csv
Episode 2800 	 Average Reward: 76.64
Results saved to ddpg_training_results.csv
Results saved to ddpg_training_results.csv
Results saved to ddpg_training_results.csv
Results saved to ddpg_training_results.csv
Results saved to ddpg_training_results.csv
Results saved to ddpg_training_results.csv
Results saved to ddpg_training_results.csv
Results saved to ddpg_training_results.csv
Results saved to ddpg_training_results.csv
Results saved to ddpg_training_results.csv
Episode 2900 	 Average Reward: 82.71
Results saved to ddpg_training_results.csv
Results saved to ddpg_training_results.csv
Results saved to ddpg_training_results.csv
Results saved to ddpg_training_results.csv
Results saved to ddpg_training_results.csv
Results saved to ddpg_training_results.csv
Results saved to ddpg_training_results.csv
Results saved to ddpg_training_results.csv
Results saved to ddpg_training_results.csv
Results saved to ddpg_training_results.csv
Episode 3000 	 Average Reward: 82.69
Results saved to ddpg_training_results.csv
Results saved to ddpg_training_results.csv
Results saved to ddpg_training_results.csv
Results saved to ddpg_training_results.csv
Results saved to ddpg_training_results.csv
Results saved to ddpg_training_results.csv
Results saved to ddpg_training_results.csv
Results saved to ddpg_training_results.csv
Results saved to ddpg_training_results.csv
Results saved to ddpg_training_results.csv
Episode 3100 	 Average Reward: 82.67
Results saved to ddpg_training_results.csv
Results saved to ddpg_training_results.csv
Results saved to ddpg_training_results.csv
Results saved to ddpg_training_results.csv
Results saved to ddpg_training_results.csv
Results saved to ddpg_training_results.csv
Results saved to ddpg_training_results.csv
Results saved to ddpg_training_results.csv
Results saved to ddpg_training_results.csv
Results saved to ddpg_training_results.csv
Episode 3200 	 Average Reward: 82.77
Results saved to ddpg_training_results.csv
Results saved to ddpg_training_results.csv
Results saved to ddpg_training_results.csv
Results saved to ddpg_training_results.csv
Results saved to ddpg_training_results.csv
Results saved to ddpg_training_results.csv
Results saved to ddpg_training_results.csv
Results saved to ddpg_training_results.csv
Results saved to ddpg_training_results.csv
Results saved to ddpg_training_results.csv
Episode 3300 	 Average Reward: 82.81
Results saved to ddpg_training_results.csv
Results saved to ddpg_training_results.csv
Results saved to ddpg_training_results.csv
Results saved to ddpg_training_results.csv
Results saved to ddpg_training_results.csv
Results saved to ddpg_training_results.csv
Results saved to ddpg_training_results.csv
Results saved to ddpg_training_results.csv
Results saved to ddpg_training_results.csv
Results saved to ddpg_training_results.csv
Episode 3400 	 Average Reward: 82.79
Results saved to ddpg_training_results.csv
Results saved to ddpg_training_results.csv
Results saved to ddpg_training_results.csv
Results saved to ddpg_training_results.csv
Results saved to ddpg_training_results.csv
Results saved to ddpg_training_results.csv
Results saved to ddpg_training_results.csv
Results saved to ddpg_training_results.csv
Results saved to ddpg_training_results.csv
Results saved to ddpg_training_results.csv
Episode 3500 	 Average Reward: 82.76
Results saved to ddpg_training_results.csv
Results saved to ddpg_training_results.csv
Results saved to ddpg_training_results.csv
Results saved to ddpg_training_results.csv
Results saved to ddpg_training_results.csv
Results saved to ddpg_training_results.csv
Results saved to ddpg_training_results.csv
Results saved to ddpg_training_results.csv
Results saved to ddpg_training_results.csv
Results saved to ddpg_training_results.csv
Episode 3600 	 Average Reward: 82.6
Results saved to ddpg_training_results.csv
Results saved to ddpg_training_results.csv
Results saved to ddpg_training_results.csv
Results saved to ddpg_training_results.csv
Results saved to ddpg_training_results.csv
Results saved to ddpg_training_results.csv
Results saved to ddpg_training_results.csv
Results saved to ddpg_training_results.csv
Results saved to ddpg_training_results.csv
Results saved to ddpg_training_results.csv
Episode 3700 	 Average Reward: 81.6
Results saved to ddpg_training_results.csv
Results saved to ddpg_training_results.csv
Results saved to ddpg_training_results.csv
Results saved to ddpg_training_results.csv
Results saved to ddpg_training_results.csv
Results saved to ddpg_training_results.csv
Results saved to ddpg_training_results.csv
Results saved to ddpg_training_results.csv
Results saved to ddpg_training_results.csv
Results saved to ddpg_training_results.csv
Episode 3800 	 Average Reward: 81.56
Results saved to ddpg_training_results.csv
Results saved to ddpg_training_results.csv
Results saved to ddpg_training_results.csv
Results saved to ddpg_training_results.csv
Results saved to ddpg_training_results.csv
Results saved to ddpg_training_results.csv
Results saved to ddpg_training_results.csv
Results saved to ddpg_training_results.csv
Results saved to ddpg_training_results.csv
Results saved to ddpg_training_results.csv
Episode 3900 	 Average Reward: 78.01
Results saved to ddpg_training_results.csv
Results saved to ddpg_training_results.csv
Results saved to ddpg_training_results.csv
Results saved to ddpg_training_results.csv
Results saved to ddpg_training_results.csv
Results saved to ddpg_training_results.csv
Results saved to ddpg_training_results.csv
Results saved to ddpg_training_results.csv
Results saved to ddpg_training_results.csv
Results saved to ddpg_training_results.csv
Episode 4000 	 Average Reward: 73.17
Results saved to ddpg_training_results.csv
Results saved to ddpg_training_results.csv
Results saved to ddpg_training_results.csv
Results saved to ddpg_training_results.csv
Results saved to ddpg_training_results.csv
Results saved to ddpg_training_results.csv
Results saved to ddpg_training_results.csv
Results saved to ddpg_training_results.csv
Results saved to ddpg_training_results.csv
Results saved to ddpg_training_results.csv
Episode 4100 	 Average Reward: 77.33
Results saved to ddpg_training_results.csv
Results saved to ddpg_training_results.csv
Results saved to ddpg_training_results.csv
Results saved to ddpg_training_results.csv
Results saved to ddpg_training_results.csv
Results saved to ddpg_training_results.csv
Results saved to ddpg_training_results.csv
Results saved to ddpg_training_results.csv
Results saved to ddpg_training_results.csv
Results saved to ddpg_training_results.csv
Episode 4200 	 Average Reward: 74.07
Results saved to ddpg_training_results.csv
Results saved to ddpg_training_results.csv
Results saved to ddpg_training_results.csv
Results saved to ddpg_training_results.csv
Results saved to ddpg_training_results.csv
Results saved to ddpg_training_results.csv
Results saved to ddpg_training_results.csv
Results saved to ddpg_training_results.csv
Results saved to ddpg_training_results.csv
Results saved to ddpg_training_results.csv
Episode 4300 	 Average Reward: 72.94
Results saved to ddpg_training_results.csv
Results saved to ddpg_training_results.csv
Results saved to ddpg_training_results.csv
Results saved to ddpg_training_results.csv
Results saved to ddpg_training_results.csv
Results saved to ddpg_training_results.csv
Results saved to ddpg_training_results.csv
Results saved to ddpg_training_results.csv
Results saved to ddpg_training_results.csv
Results saved to ddpg_training_results.csv
Episode 4400 	 Average Reward: 70.76
Results saved to ddpg_training_results.csv
Results saved to ddpg_training_results.csv
Results saved to ddpg_training_results.csv
Results saved to ddpg_training_results.csv
Results saved to ddpg_training_results.csv
Results saved to ddpg_training_results.csv
Results saved to ddpg_training_results.csv
Results saved to ddpg_training_results.csv
Results saved to ddpg_training_results.csv
Results saved to ddpg_training_results.csv
Episode 4500 	 Average Reward: 63.68
Results saved to ddpg_training_results.csv
Results saved to ddpg_training_results.csv
Results saved to ddpg_training_results.csv
Results saved to ddpg_training_results.csv
Results saved to ddpg_training_results.csv
Results saved to ddpg_training_results.csv
Results saved to ddpg_training_results.csv
Results saved to ddpg_training_results.csv
Results saved to ddpg_training_results.csv
Results saved to ddpg_training_results.csv
Episode 4600 	 Average Reward: 80.87
Results saved to ddpg_training_results.csv
Results saved to ddpg_training_results.csv
Results saved to ddpg_training_results.csv
Results saved to ddpg_training_results.csv
Results saved to ddpg_training_results.csv
Results saved to ddpg_training_results.csv
Results saved to ddpg_training_results.csv
Results saved to ddpg_training_results.csv
Results saved to ddpg_training_results.csv
Results saved to ddpg_training_results.csv
Episode 4700 	 Average Reward: 76.48
Results saved to ddpg_training_results.csv
Results saved to ddpg_training_results.csv
Results saved to ddpg_training_results.csv
Results saved to ddpg_training_results.csv
Results saved to ddpg_training_results.csv
Results saved to ddpg_training_results.csv
Results saved to ddpg_training_results.csv
Results saved to ddpg_training_results.csv
Results saved to ddpg_training_results.csv
Results saved to ddpg_training_results.csv
Episode 4800 	 Average Reward: 80.92
Results saved to ddpg_training_results.csv
Results saved to ddpg_training_results.csv
Results saved to ddpg_training_results.csv
Results saved to ddpg_training_results.csv
Results saved to ddpg_training_results.csv
Results saved to ddpg_training_results.csv
Results saved to ddpg_training_results.csv
Results saved to ddpg_training_results.csv
Results saved to ddpg_training_results.csv
Results saved to ddpg_training_results.csv
Episode 4900 	 Average Reward: 80.94
Results saved to ddpg_training_results.csv
Results saved to ddpg_training_results.csv
Results saved to ddpg_training_results.csv
Results saved to ddpg_training_results.csv
Results saved to ddpg_training_results.csv
Results saved to ddpg_training_results.csv
Results saved to ddpg_training_results.csv
Results saved to ddpg_training_results.csv
Results saved to ddpg_training_results.csv
Results saved to ddpg_training_results.csv
Episode 5000 	 Average Reward: 82.09
Results saved to ddpg_training_results.csv
Results saved to ddpg_training_results.csv
Results saved to ddpg_training_results.csv
Results saved to ddpg_training_results.csv
Results saved to ddpg_training_results.csv
Results saved to ddpg_training_results.csv
Results saved to ddpg_training_results.csv
Results saved to ddpg_training_results.csv
Results saved to ddpg_training_results.csv
Results saved to ddpg_training_results.csv
Episode 5100 	 Average Reward: 82.58
Results saved to ddpg_training_results.csv
Results saved to ddpg_training_results.csv
Results saved to ddpg_training_results.csv
Results saved to ddpg_training_results.csv
Results saved to ddpg_training_results.csv
Results saved to ddpg_training_results.csv
Results saved to ddpg_training_results.csv
Results saved to ddpg_training_results.csv
Results saved to ddpg_training_results.csv
Results saved to ddpg_training_results.csv
Episode 5200 	 Average Reward: 81.78
Results saved to ddpg_training_results.csv
Results saved to ddpg_training_results.csv
Results saved to ddpg_training_results.csv
Results saved to ddpg_training_results.csv
Results saved to ddpg_training_results.csv
Results saved to ddpg_training_results.csv
Results saved to ddpg_training_results.csv
Results saved to ddpg_training_results.csv
Results saved to ddpg_training_results.csv
Results saved to ddpg_training_results.csv
Episode 5300 	 Average Reward: 82.81
Results saved to ddpg_training_results.csv
Results saved to ddpg_training_results.csv
Results saved to ddpg_training_results.csv
Results saved to ddpg_training_results.csv
Results saved to ddpg_training_results.csv
Results saved to ddpg_training_results.csv
Results saved to ddpg_training_results.csv
Results saved to ddpg_training_results.csv
Results saved to ddpg_training_results.csv
Results saved to ddpg_training_results.csv
Episode 5400 	 Average Reward: 82.82
Results saved to ddpg_training_results.csv
Results saved to ddpg_training_results.csv
Results saved to ddpg_training_results.csv
Results saved to ddpg_training_results.csv
Results saved to ddpg_training_results.csv
Results saved to ddpg_training_results.csv
Results saved to ddpg_training_results.csv
Results saved to ddpg_training_results.csv
Results saved to ddpg_training_results.csv
Results saved to ddpg_training_results.csv
Episode 5500 	 Average Reward: 82.53
Results saved to ddpg_training_results.csv
Results saved to ddpg_training_results.csv
Results saved to ddpg_training_results.csv
Results saved to ddpg_training_results.csv
Results saved to ddpg_training_results.csv
Results saved to ddpg_training_results.csv
Results saved to ddpg_training_results.csv
Results saved to ddpg_training_results.csv
Results saved to ddpg_training_results.csv
Results saved to ddpg_training_results.csv
Episode 5600 	 Average Reward: 82.82
Results saved to ddpg_training_results.csv
Results saved to ddpg_training_results.csv
Results saved to ddpg_training_results.csv
Results saved to ddpg_training_results.csv
Results saved to ddpg_training_results.csv
Results saved to ddpg_training_results.csv
Results saved to ddpg_training_results.csv
Results saved to ddpg_training_results.csv
Results saved to ddpg_training_results.csv
Results saved to ddpg_training_results.csv
Episode 5700 	 Average Reward: 81.36
Results saved to ddpg_training_results.csv
Results saved to ddpg_training_results.csv
Results saved to ddpg_training_results.csv
Results saved to ddpg_training_results.csv
Results saved to ddpg_training_results.csv
Results saved to ddpg_training_results.csv
Results saved to ddpg_training_results.csv
Results saved to ddpg_training_results.csv
Results saved to ddpg_training_results.csv
Results saved to ddpg_training_results.csv
Episode 5800 	 Average Reward: 82.09
Results saved to ddpg_training_results.csv
Results saved to ddpg_training_results.csv
Results saved to ddpg_training_results.csv
Results saved to ddpg_training_results.csv
Results saved to ddpg_training_results.csv
Results saved to ddpg_training_results.csv
Results saved to ddpg_training_results.csv
Results saved to ddpg_training_results.csv
Results saved to ddpg_training_results.csv
Results saved to ddpg_training_results.csv
Episode 5900 	 Average Reward: 82.1
Results saved to ddpg_training_results.csv
Results saved to ddpg_training_results.csv
Results saved to ddpg_training_results.csv
Results saved to ddpg_training_results.csv
Results saved to ddpg_training_results.csv
Results saved to ddpg_training_results.csv
Results saved to ddpg_training_results.csv
Results saved to ddpg_training_results.csv
Results saved to ddpg_training_results.csv
Results saved to ddpg_training_results.csv
Episode 6000 	 Average Reward: 80.92
Results saved to ddpg_training_results.csv
Results saved to ddpg_training_results.csv
Results saved to ddpg_training_results.csv
Results saved to ddpg_training_results.csv
Results saved to ddpg_training_results.csv
Results saved to ddpg_training_results.csv
Results saved to ddpg_training_results.csv
Results saved to ddpg_training_results.csv
Results saved to ddpg_training_results.csv
Results saved to ddpg_training_results.csv
Episode 6100 	 Average Reward: 79.02
Results saved to ddpg_training_results.csv
Results saved to ddpg_training_results.csv
Results saved to ddpg_training_results.csv
Results saved to ddpg_training_results.csv
Results saved to ddpg_training_results.csv
Results saved to ddpg_training_results.csv
Results saved to ddpg_training_results.csv
Results saved to ddpg_training_results.csv
Results saved to ddpg_training_results.csv
Results saved to ddpg_training_results.csv
Episode 6200 	 Average Reward: 82.02
Results saved to ddpg_training_results.csv
Results saved to ddpg_training_results.csv
Results saved to ddpg_training_results.csv
Results saved to ddpg_training_results.csv
Results saved to ddpg_training_results.csv
Results saved to ddpg_training_results.csv
Results saved to ddpg_training_results.csv
Results saved to ddpg_training_results.csv
Results saved to ddpg_training_results.csv
Results saved to ddpg_training_results.csv
Episode 6300 	 Average Reward: 82.04
Results saved to ddpg_training_results.csv
Results saved to ddpg_training_results.csv
Results saved to ddpg_training_results.csv
Results saved to ddpg_training_results.csv
Results saved to ddpg_training_results.csv
Results saved to ddpg_training_results.csv
Results saved to ddpg_training_results.csv
Results saved to ddpg_training_results.csv
Results saved to ddpg_training_results.csv
Results saved to ddpg_training_results.csv
Episode 6400 	 Average Reward: 82.04
Results saved to ddpg_training_results.csv
Results saved to ddpg_training_results.csv
Results saved to ddpg_training_results.csv
Results saved to ddpg_training_results.csv
Results saved to ddpg_training_results.csv
Results saved to ddpg_training_results.csv
Results saved to ddpg_training_results.csv
Results saved to ddpg_training_results.csv
Results saved to ddpg_training_results.csv
Results saved to ddpg_training_results.csv
Episode 6500 	 Average Reward: 79.79
Results saved to ddpg_training_results.csv
Results saved to ddpg_training_results.csv
Results saved to ddpg_training_results.csv
Results saved to ddpg_training_results.csv
Results saved to ddpg_training_results.csv
Results saved to ddpg_training_results.csv
Results saved to ddpg_training_results.csv
Results saved to ddpg_training_results.csv
Results saved to ddpg_training_results.csv
Results saved to ddpg_training_results.csv
Episode 6600 	 Average Reward: 81.0
Results saved to ddpg_training_results.csv
Results saved to ddpg_training_results.csv
Results saved to ddpg_training_results.csv
Results saved to ddpg_training_results.csv
Results saved to ddpg_training_results.csv
Results saved to ddpg_training_results.csv
Results saved to ddpg_training_results.csv
Results saved to ddpg_training_results.csv
Results saved to ddpg_training_results.csv
Results saved to ddpg_training_results.csv
Episode 6700 	 Average Reward: 82.08
Results saved to ddpg_training_results.csv
Results saved to ddpg_training_results.csv
Results saved to ddpg_training_results.csv
Results saved to ddpg_training_results.csv
Results saved to ddpg_training_results.csv
Results saved to ddpg_training_results.csv
Results saved to ddpg_training_results.csv
Results saved to ddpg_training_results.csv
Results saved to ddpg_training_results.csv
Results saved to ddpg_training_results.csv
Episode 6800 	 Average Reward: 82.02
Results saved to ddpg_training_results.csv
Results saved to ddpg_training_results.csv
Results saved to ddpg_training_results.csv
Results saved to ddpg_training_results.csv
Results saved to ddpg_training_results.csv
Results saved to ddpg_training_results.csv
Results saved to ddpg_training_results.csv
Results saved to ddpg_training_results.csv
Results saved to ddpg_training_results.csv
Results saved to ddpg_training_results.csv
Episode 6900 	 Average Reward: 80.09
Results saved to ddpg_training_results.csv
Results saved to ddpg_training_results.csv
Results saved to ddpg_training_results.csv
Results saved to ddpg_training_results.csv
Results saved to ddpg_training_results.csv
Results saved to ddpg_training_results.csv
Results saved to ddpg_training_results.csv
Results saved to ddpg_training_results.csv
Results saved to ddpg_training_results.csv
Results saved to ddpg_training_results.csv
Episode 7000 	 Average Reward: 82.06
Results saved to ddpg_training_results.csv
Results saved to ddpg_training_results.csv
Results saved to ddpg_training_results.csv
Results saved to ddpg_training_results.csv
Results saved to ddpg_training_results.csv
Results saved to ddpg_training_results.csv
Results saved to ddpg_training_results.csv
Results saved to ddpg_training_results.csv
Results saved to ddpg_training_results.csv
Results saved to ddpg_training_results.csv
Episode 7100 	 Average Reward: 76.26
Results saved to ddpg_training_results.csv
Results saved to ddpg_training_results.csv
Results saved to ddpg_training_results.csv
Results saved to ddpg_training_results.csv
Results saved to ddpg_training_results.csv
Results saved to ddpg_training_results.csv
Results saved to ddpg_training_results.csv
Results saved to ddpg_training_results.csv
Results saved to ddpg_training_results.csv
Results saved to ddpg_training_results.csv
Episode 7200 	 Average Reward: 80.98
Results saved to ddpg_training_results.csv
Results saved to ddpg_training_results.csv
Results saved to ddpg_training_results.csv
Results saved to ddpg_training_results.csv
Results saved to ddpg_training_results.csv
Results saved to ddpg_training_results.csv
Results saved to ddpg_training_results.csv
Results saved to ddpg_training_results.csv
Results saved to ddpg_training_results.csv
Results saved to ddpg_training_results.csv
Episode 7300 	 Average Reward: 80.18
Results saved to ddpg_training_results.csv
Results saved to ddpg_training_results.csv
Results saved to ddpg_training_results.csv
Results saved to ddpg_training_results.csv
Results saved to ddpg_training_results.csv
Results saved to ddpg_training_results.csv
Results saved to ddpg_training_results.csv
Results saved to ddpg_training_results.csv
Results saved to ddpg_training_results.csv
Results saved to ddpg_training_results.csv
Episode 7400 	 Average Reward: 82.11
Results saved to ddpg_training_results.csv
Results saved to ddpg_training_results.csv
Results saved to ddpg_training_results.csv
Results saved to ddpg_training_results.csv
Results saved to ddpg_training_results.csv
Results saved to ddpg_training_results.csv
Results saved to ddpg_training_results.csv
Results saved to ddpg_training_results.csv
Results saved to ddpg_training_results.csv
Results saved to ddpg_training_results.csv
Episode 7500 	 Average Reward: 80.26
Results saved to ddpg_training_results.csv
Results saved to ddpg_training_results.csv
Results saved to ddpg_training_results.csv
Results saved to ddpg_training_results.csv
Results saved to ddpg_training_results.csv
Results saved to ddpg_training_results.csv
Results saved to ddpg_training_results.csv
Results saved to ddpg_training_results.csv
Results saved to ddpg_training_results.csv
Results saved to ddpg_training_results.csv
Episode 7600 	 Average Reward: 79.06
Results saved to ddpg_training_results.csv
Results saved to ddpg_training_results.csv
Results saved to ddpg_training_results.csv
Results saved to ddpg_training_results.csv
Results saved to ddpg_training_results.csv
Results saved to ddpg_training_results.csv
Results saved to ddpg_training_results.csv
Results saved to ddpg_training_results.csv
Results saved to ddpg_training_results.csv
Results saved to ddpg_training_results.csv
Episode 7700 	 Average Reward: 82.2
Results saved to ddpg_training_results.csv
Results saved to ddpg_training_results.csv
Results saved to ddpg_training_results.csv
Results saved to ddpg_training_results.csv
Results saved to ddpg_training_results.csv
Results saved to ddpg_training_results.csv
Results saved to ddpg_training_results.csv
Results saved to ddpg_training_results.csv
Results saved to ddpg_training_results.csv
Results saved to ddpg_training_results.csv
Episode 7800 	 Average Reward: 82.1
Results saved to ddpg_training_results.csv
Results saved to ddpg_training_results.csv
Results saved to ddpg_training_results.csv
Results saved to ddpg_training_results.csv
Results saved to ddpg_training_results.csv
Results saved to ddpg_training_results.csv
Results saved to ddpg_training_results.csv
Results saved to ddpg_training_results.csv
Results saved to ddpg_training_results.csv
Results saved to ddpg_training_results.csv
Episode 7900 	 Average Reward: 82.11
Results saved to ddpg_training_results.csv
Results saved to ddpg_training_results.csv
Results saved to ddpg_training_results.csv
Results saved to ddpg_training_results.csv
Results saved to ddpg_training_results.csv
Results saved to ddpg_training_results.csv
Results saved to ddpg_training_results.csv
Results saved to ddpg_training_results.csv
Results saved to ddpg_training_results.csv
Results saved to ddpg_training_results.csv
Episode 8000 	 Average Reward: 82.16
Results saved to ddpg_training_results.csv
Results saved to ddpg_training_results.csv
Results saved to ddpg_training_results.csv
Results saved to ddpg_training_results.csv
Results saved to ddpg_training_results.csv
Results saved to ddpg_training_results.csv
Results saved to ddpg_training_results.csv
Results saved to ddpg_training_results.csv
Results saved to ddpg_training_results.csv
Results saved to ddpg_training_results.csv
Episode 8100 	 Average Reward: 82.09
Results saved to ddpg_training_results.csv
Results saved to ddpg_training_results.csv
Results saved to ddpg_training_results.csv
Results saved to ddpg_training_results.csv
Results saved to ddpg_training_results.csv
Results saved to ddpg_training_results.csv
Results saved to ddpg_training_results.csv
Results saved to ddpg_training_results.csv
Results saved to ddpg_training_results.csv
Results saved to ddpg_training_results.csv
Episode 8200 	 Average Reward: 80.17
Results saved to ddpg_training_results.csv
Results saved to ddpg_training_results.csv
Results saved to ddpg_training_results.csv
Results saved to ddpg_training_results.csv
Results saved to ddpg_training_results.csv
Results saved to ddpg_training_results.csv
Results saved to ddpg_training_results.csv
Results saved to ddpg_training_results.csv
Results saved to ddpg_training_results.csv
Results saved to ddpg_training_results.csv
Episode 8300 	 Average Reward: 82.14
Results saved to ddpg_training_results.csv
Results saved to ddpg_training_results.csv
Results saved to ddpg_training_results.csv
Results saved to ddpg_training_results.csv
Results saved to ddpg_training_results.csv
Results saved to ddpg_training_results.csv
Results saved to ddpg_training_results.csv
Results saved to ddpg_training_results.csv
Results saved to ddpg_training_results.csv
Results saved to ddpg_training_results.csv
Episode 8400 	 Average Reward: 82.1
Results saved to ddpg_training_results.csv
Results saved to ddpg_training_results.csv
Results saved to ddpg_training_results.csv
Results saved to ddpg_training_results.csv
Results saved to ddpg_training_results.csv
Results saved to ddpg_training_results.csv
Results saved to ddpg_training_results.csv
Results saved to ddpg_training_results.csv
Results saved to ddpg_training_results.csv
Results saved to ddpg_training_results.csv
Episode 8500 	 Average Reward: 81.09
Results saved to ddpg_training_results.csv
Results saved to ddpg_training_results.csv
Results saved to ddpg_training_results.csv
Results saved to ddpg_training_results.csv
Results saved to ddpg_training_results.csv
Results saved to ddpg_training_results.csv
Results saved to ddpg_training_results.csv
Results saved to ddpg_training_results.csv
Results saved to ddpg_training_results.csv
Results saved to ddpg_training_results.csv
Episode 8600 	 Average Reward: 80.99
Results saved to ddpg_training_results.csv
Results saved to ddpg_training_results.csv
Results saved to ddpg_training_results.csv
Results saved to ddpg_training_results.csv
Results saved to ddpg_training_results.csv
Results saved to ddpg_training_results.csv
Results saved to ddpg_training_results.csv
Results saved to ddpg_training_results.csv
Results saved to ddpg_training_results.csv
Results saved to ddpg_training_results.csv
Episode 8700 	 Average Reward: 81.09
Results saved to ddpg_training_results.csv
Results saved to ddpg_training_results.csv
Results saved to ddpg_training_results.csv
Results saved to ddpg_training_results.csv
Results saved to ddpg_training_results.csv
Results saved to ddpg_training_results.csv
Results saved to ddpg_training_results.csv
Results saved to ddpg_training_results.csv
Results saved to ddpg_training_results.csv
Results saved to ddpg_training_results.csv
Episode 8800 	 Average Reward: 82.18
Results saved to ddpg_training_results.csv
Results saved to ddpg_training_results.csv
Results saved to ddpg_training_results.csv
Results saved to ddpg_training_results.csv
Results saved to ddpg_training_results.csv
Results saved to ddpg_training_results.csv
Results saved to ddpg_training_results.csv
Results saved to ddpg_training_results.csv
Results saved to ddpg_training_results.csv
Results saved to ddpg_training_results.csv
Episode 8900 	 Average Reward: 81.15
Results saved to ddpg_training_results.csv
Results saved to ddpg_training_results.csv
Results saved to ddpg_training_results.csv
Results saved to ddpg_training_results.csv
Results saved to ddpg_training_results.csv
Results saved to ddpg_training_results.csv
Results saved to ddpg_training_results.csv
Results saved to ddpg_training_results.csv
Results saved to ddpg_training_results.csv
Results saved to ddpg_training_results.csv
Episode 9000 	 Average Reward: 81.32
Results saved to ddpg_training_results.csv
Results saved to ddpg_training_results.csv
Results saved to ddpg_training_results.csv
Results saved to ddpg_training_results.csv
Results saved to ddpg_training_results.csv
Results saved to ddpg_training_results.csv
Results saved to ddpg_training_results.csv
Results saved to ddpg_training_results.csv
Results saved to ddpg_training_results.csv
Results saved to ddpg_training_results.csv
Episode 9100 	 Average Reward: 81.73
Results saved to ddpg_training_results.csv
Results saved to ddpg_training_results.csv
Results saved to ddpg_training_results.csv
Results saved to ddpg_training_results.csv
Results saved to ddpg_training_results.csv
Results saved to ddpg_training_results.csv
Results saved to ddpg_training_results.csv
Results saved to ddpg_training_results.csv
Results saved to ddpg_training_results.csv
Results saved to ddpg_training_results.csv
Episode 9200 	 Average Reward: 82.97
Results saved to ddpg_training_results.csv
Results saved to ddpg_training_results.csv
Results saved to ddpg_training_results.csv
Results saved to ddpg_training_results.csv
Results saved to ddpg_training_results.csv
Results saved to ddpg_training_results.csv
Results saved to ddpg_training_results.csv
Results saved to ddpg_training_results.csv
Results saved to ddpg_training_results.csv
Results saved to ddpg_training_results.csv
Episode 9300 	 Average Reward: 82.87
Results saved to ddpg_training_results.csv
Results saved to ddpg_training_results.csv
Results saved to ddpg_training_results.csv
Results saved to ddpg_training_results.csv
Results saved to ddpg_training_results.csv
Results saved to ddpg_training_results.csv
Results saved to ddpg_training_results.csv
Results saved to ddpg_training_results.csv
Results saved to ddpg_training_results.csv
Results saved to ddpg_training_results.csv
Episode 9400 	 Average Reward: 82.91
Results saved to ddpg_training_results.csv
Results saved to ddpg_training_results.csv
Results saved to ddpg_training_results.csv
Results saved to ddpg_training_results.csv
Results saved to ddpg_training_results.csv
Results saved to ddpg_training_results.csv
Results saved to ddpg_training_results.csv
Results saved to ddpg_training_results.csv
Results saved to ddpg_training_results.csv
Results saved to ddpg_training_results.csv
Episode 9500 	 Average Reward: 82.78
Results saved to ddpg_training_results.csv
Results saved to ddpg_training_results.csv
Results saved to ddpg_training_results.csv
Results saved to ddpg_training_results.csv
Results saved to ddpg_training_results.csv
Results saved to ddpg_training_results.csv
Results saved to ddpg_training_results.csv
Results saved to ddpg_training_results.csv
Results saved to ddpg_training_results.csv
Results saved to ddpg_training_results.csv
Episode 9600 	 Average Reward: 82.39
Results saved to ddpg_training_results.csv
Results saved to ddpg_training_results.csv
Results saved to ddpg_training_results.csv
Results saved to ddpg_training_results.csv
Results saved to ddpg_training_results.csv
Results saved to ddpg_training_results.csv
Results saved to ddpg_training_results.csv
Results saved to ddpg_training_results.csv
Results saved to ddpg_training_results.csv
Results saved to ddpg_training_results.csv
Episode 9700 	 Average Reward: 80.2
Results saved to ddpg_training_results.csv
Results saved to ddpg_training_results.csv
Results saved to ddpg_training_results.csv
Results saved to ddpg_training_results.csv
Results saved to ddpg_training_results.csv
Results saved to ddpg_training_results.csv
Results saved to ddpg_training_results.csv
Results saved to ddpg_training_results.csv
Results saved to ddpg_training_results.csv
Results saved to ddpg_training_results.csv
Episode 9800 	 Average Reward: 81.28
Results saved to ddpg_training_results.csv
Results saved to ddpg_training_results.csv
Results saved to ddpg_training_results.csv
Results saved to ddpg_training_results.csv
Results saved to ddpg_training_results.csv
Results saved to ddpg_training_results.csv
Results saved to ddpg_training_results.csv
Results saved to ddpg_training_results.csv
Results saved to ddpg_training_results.csv
Results saved to ddpg_training_results.csv
Episode 9900 	 Average Reward: 81.3
Results saved to ddpg_training_results.csv
Results saved to ddpg_training_results.csv
Results saved to ddpg_training_results.csv
Results saved to ddpg_training_results.csv
Results saved to ddpg_training_results.csv
Results saved to ddpg_training_results.csv
Results saved to ddpg_training_results.csv
Results saved to ddpg_training_results.csv
Results saved to ddpg_training_results.csv
Results saved to ddpg_training_results.csv
Episode 10000 	 Average Reward: 76.85
Results saved to ddpg_training_results.csv
Results saved to ddpg_training_results.csv
