pygame 2.6.0 (SDL 2.28.4, Python 3.10.14)
Hello from the pygame community. https://www.pygame.org/contribute.html
Results saved to sac_training_results.csv
Results saved to sac_training_results.csv
Results saved to sac_training_results.csv
Results saved to sac_training_results.csv
Results saved to sac_training_results.csv
Results saved to sac_training_results.csv
Results saved to sac_training_results.csv
Results saved to sac_training_results.csv
Results saved to sac_training_results.csv
Episode 100 	 Average Reward: -25.41
Results saved to sac_training_results.csv
Results saved to sac_training_results.csv
Results saved to sac_training_results.csv
Results saved to sac_training_results.csv
Results saved to sac_training_results.csv
Results saved to sac_training_results.csv
Results saved to sac_training_results.csv
Results saved to sac_training_results.csv
Results saved to sac_training_results.csv
Results saved to sac_training_results.csv
Episode 200 	 Average Reward: -29.0
Results saved to sac_training_results.csv
Results saved to sac_training_results.csv
Results saved to sac_training_results.csv
Results saved to sac_training_results.csv
Results saved to sac_training_results.csv
Results saved to sac_training_results.csv
Results saved to sac_training_results.csv
Results saved to sac_training_results.csv
Results saved to sac_training_results.csv
Results saved to sac_training_results.csv
Episode 300 	 Average Reward: -29.0
Results saved to sac_training_results.csv
Results saved to sac_training_results.csv
Results saved to sac_training_results.csv
Results saved to sac_training_results.csv
Results saved to sac_training_results.csv
Results saved to sac_training_results.csv
Results saved to sac_training_results.csv
Results saved to sac_training_results.csv
Results saved to sac_training_results.csv
Results saved to sac_training_results.csv
Episode 400 	 Average Reward: -29.0
Results saved to sac_training_results.csv
Results saved to sac_training_results.csv
Results saved to sac_training_results.csv
Results saved to sac_training_results.csv
Results saved to sac_training_results.csv
Results saved to sac_training_results.csv
Results saved to sac_training_results.csv
Results saved to sac_training_results.csv
Results saved to sac_training_results.csv
Results saved to sac_training_results.csv
Episode 500 	 Average Reward: -29.0
Results saved to sac_training_results.csv
Results saved to sac_training_results.csv
Results saved to sac_training_results.csv
Results saved to sac_training_results.csv
Results saved to sac_training_results.csv
Results saved to sac_training_results.csv
Results saved to sac_training_results.csv
Results saved to sac_training_results.csv
Results saved to sac_training_results.csv
Results saved to sac_training_results.csv
Episode 600 	 Average Reward: -29.0
Results saved to sac_training_results.csv
Results saved to sac_training_results.csv
Results saved to sac_training_results.csv
Results saved to sac_training_results.csv
Results saved to sac_training_results.csv
Results saved to sac_training_results.csv
Results saved to sac_training_results.csv
Results saved to sac_training_results.csv
Results saved to sac_training_results.csv
Results saved to sac_training_results.csv
Episode 700 	 Average Reward: -29.0
Results saved to sac_training_results.csv
Results saved to sac_training_results.csv
Results saved to sac_training_results.csv
Results saved to sac_training_results.csv
Results saved to sac_training_results.csv
Results saved to sac_training_results.csv
Results saved to sac_training_results.csv
Results saved to sac_training_results.csv
Results saved to sac_training_results.csv
Results saved to sac_training_results.csv
Episode 800 	 Average Reward: -29.0
Results saved to sac_training_results.csv
Results saved to sac_training_results.csv
Results saved to sac_training_results.csv
Results saved to sac_training_results.csv
Results saved to sac_training_results.csv
Results saved to sac_training_results.csv
Results saved to sac_training_results.csv
Results saved to sac_training_results.csv
Results saved to sac_training_results.csv
Results saved to sac_training_results.csv
Episode 900 	 Average Reward: -29.0
Results saved to sac_training_results.csv
Results saved to sac_training_results.csv
Results saved to sac_training_results.csv
Results saved to sac_training_results.csv
Results saved to sac_training_results.csv
Results saved to sac_training_results.csv
Results saved to sac_training_results.csv
Results saved to sac_training_results.csv
Results saved to sac_training_results.csv
Results saved to sac_training_results.csv
Episode 1000 	 Average Reward: -29.0
Results saved to sac_training_results.csv
Results saved to sac_training_results.csv
Results saved to sac_training_results.csv
Results saved to sac_training_results.csv
Results saved to sac_training_results.csv
Results saved to sac_training_results.csv
Results saved to sac_training_results.csv
Results saved to sac_training_results.csv
Results saved to sac_training_results.csv
Results saved to sac_training_results.csv
Episode 1100 	 Average Reward: -29.0
Results saved to sac_training_results.csv
Results saved to sac_training_results.csv
Results saved to sac_training_results.csv
Results saved to sac_training_results.csv
Results saved to sac_training_results.csv
Results saved to sac_training_results.csv
Results saved to sac_training_results.csv
Results saved to sac_training_results.csv
Results saved to sac_training_results.csv
Results saved to sac_training_results.csv
Episode 1200 	 Average Reward: -29.0
Results saved to sac_training_results.csv
Results saved to sac_training_results.csv
Results saved to sac_training_results.csv
Results saved to sac_training_results.csv
Results saved to sac_training_results.csv
Results saved to sac_training_results.csv
Results saved to sac_training_results.csv
Results saved to sac_training_results.csv
Results saved to sac_training_results.csv
Results saved to sac_training_results.csv
Episode 1300 	 Average Reward: -29.0
Results saved to sac_training_results.csv
Results saved to sac_training_results.csv
Results saved to sac_training_results.csv
Results saved to sac_training_results.csv
Results saved to sac_training_results.csv
Results saved to sac_training_results.csv
Results saved to sac_training_results.csv
Results saved to sac_training_results.csv
Results saved to sac_training_results.csv
Results saved to sac_training_results.csv
Episode 1400 	 Average Reward: -29.0
Results saved to sac_training_results.csv
Results saved to sac_training_results.csv
Results saved to sac_training_results.csv
Results saved to sac_training_results.csv
Results saved to sac_training_results.csv
Results saved to sac_training_results.csv
Results saved to sac_training_results.csv
Results saved to sac_training_results.csv
Results saved to sac_training_results.csv
Results saved to sac_training_results.csv
Episode 1500 	 Average Reward: -29.0
Results saved to sac_training_results.csv
Results saved to sac_training_results.csv
Results saved to sac_training_results.csv
Results saved to sac_training_results.csv
Results saved to sac_training_results.csv
Results saved to sac_training_results.csv
Results saved to sac_training_results.csv
Results saved to sac_training_results.csv
Results saved to sac_training_results.csv
Results saved to sac_training_results.csv
Episode 1600 	 Average Reward: -29.0
Results saved to sac_training_results.csv
Results saved to sac_training_results.csv
Results saved to sac_training_results.csv
Results saved to sac_training_results.csv
Results saved to sac_training_results.csv
Results saved to sac_training_results.csv
Results saved to sac_training_results.csv
Results saved to sac_training_results.csv
Results saved to sac_training_results.csv
Results saved to sac_training_results.csv
Episode 1700 	 Average Reward: -29.0
Results saved to sac_training_results.csv
Results saved to sac_training_results.csv
Results saved to sac_training_results.csv
Results saved to sac_training_results.csv
Results saved to sac_training_results.csv
Results saved to sac_training_results.csv
Results saved to sac_training_results.csv
Results saved to sac_training_results.csv
Results saved to sac_training_results.csv
Results saved to sac_training_results.csv
Episode 1800 	 Average Reward: -29.0
Results saved to sac_training_results.csv
Results saved to sac_training_results.csv
Results saved to sac_training_results.csv
Results saved to sac_training_results.csv
Results saved to sac_training_results.csv
Results saved to sac_training_results.csv
Results saved to sac_training_results.csv
Results saved to sac_training_results.csv
Results saved to sac_training_results.csv
Results saved to sac_training_results.csv
Episode 1900 	 Average Reward: -29.0
Results saved to sac_training_results.csv
Results saved to sac_training_results.csv
Results saved to sac_training_results.csv
Results saved to sac_training_results.csv
Results saved to sac_training_results.csv
Results saved to sac_training_results.csv
Results saved to sac_training_results.csv
Results saved to sac_training_results.csv
Results saved to sac_training_results.csv
Results saved to sac_training_results.csv
Episode 2000 	 Average Reward: -29.0
Results saved to sac_training_results.csv
Results saved to sac_training_results.csv
Results saved to sac_training_results.csv
Results saved to sac_training_results.csv
Results saved to sac_training_results.csv
Results saved to sac_training_results.csv
Results saved to sac_training_results.csv
Results saved to sac_training_results.csv
Results saved to sac_training_results.csv
Results saved to sac_training_results.csv
Episode 2100 	 Average Reward: -29.0
Results saved to sac_training_results.csv
Results saved to sac_training_results.csv
Results saved to sac_training_results.csv
Results saved to sac_training_results.csv
Results saved to sac_training_results.csv
Results saved to sac_training_results.csv
Results saved to sac_training_results.csv
Results saved to sac_training_results.csv
Results saved to sac_training_results.csv
Results saved to sac_training_results.csv
Episode 2200 	 Average Reward: -29.0
Results saved to sac_training_results.csv
Results saved to sac_training_results.csv
Results saved to sac_training_results.csv
Results saved to sac_training_results.csv
Results saved to sac_training_results.csv
Results saved to sac_training_results.csv
Results saved to sac_training_results.csv
Results saved to sac_training_results.csv
Results saved to sac_training_results.csv
Results saved to sac_training_results.csv
Episode 2300 	 Average Reward: -29.0
Results saved to sac_training_results.csv
Results saved to sac_training_results.csv
Results saved to sac_training_results.csv
Results saved to sac_training_results.csv
Results saved to sac_training_results.csv
Results saved to sac_training_results.csv
Results saved to sac_training_results.csv
Results saved to sac_training_results.csv
Results saved to sac_training_results.csv
Results saved to sac_training_results.csv
Episode 2400 	 Average Reward: -29.0
Results saved to sac_training_results.csv
Results saved to sac_training_results.csv
Results saved to sac_training_results.csv
Results saved to sac_training_results.csv
Results saved to sac_training_results.csv
Results saved to sac_training_results.csv
Results saved to sac_training_results.csv
Results saved to sac_training_results.csv
Results saved to sac_training_results.csv
Results saved to sac_training_results.csv
Episode 2500 	 Average Reward: -29.0
Results saved to sac_training_results.csv
Results saved to sac_training_results.csv
Results saved to sac_training_results.csv
Results saved to sac_training_results.csv
Results saved to sac_training_results.csv
Results saved to sac_training_results.csv
Results saved to sac_training_results.csv
Results saved to sac_training_results.csv
Results saved to sac_training_results.csv
Results saved to sac_training_results.csv
Episode 2600 	 Average Reward: -29.0
Results saved to sac_training_results.csv
Results saved to sac_training_results.csv
Results saved to sac_training_results.csv
Results saved to sac_training_results.csv
Results saved to sac_training_results.csv
Results saved to sac_training_results.csv
Results saved to sac_training_results.csv
Results saved to sac_training_results.csv
Results saved to sac_training_results.csv
Results saved to sac_training_results.csv
Episode 2700 	 Average Reward: -29.0
Results saved to sac_training_results.csv
Results saved to sac_training_results.csv
Results saved to sac_training_results.csv
Results saved to sac_training_results.csv
Results saved to sac_training_results.csv
Results saved to sac_training_results.csv
Results saved to sac_training_results.csv
Results saved to sac_training_results.csv
Results saved to sac_training_results.csv
Results saved to sac_training_results.csv
Episode 2800 	 Average Reward: -29.0
Results saved to sac_training_results.csv
Results saved to sac_training_results.csv
Results saved to sac_training_results.csv
Results saved to sac_training_results.csv
Results saved to sac_training_results.csv
Results saved to sac_training_results.csv
Results saved to sac_training_results.csv
Results saved to sac_training_results.csv
Results saved to sac_training_results.csv
Results saved to sac_training_results.csv
Episode 2900 	 Average Reward: -29.0
Results saved to sac_training_results.csv
Results saved to sac_training_results.csv
Results saved to sac_training_results.csv
Results saved to sac_training_results.csv
Results saved to sac_training_results.csv
Results saved to sac_training_results.csv
Results saved to sac_training_results.csv
Results saved to sac_training_results.csv
Results saved to sac_training_results.csv
Results saved to sac_training_results.csv
Episode 3000 	 Average Reward: -29.0
Results saved to sac_training_results.csv
Results saved to sac_training_results.csv
Results saved to sac_training_results.csv
Results saved to sac_training_results.csv
Results saved to sac_training_results.csv
Results saved to sac_training_results.csv
Results saved to sac_training_results.csv
Results saved to sac_training_results.csv
Results saved to sac_training_results.csv
Results saved to sac_training_results.csv
Episode 3100 	 Average Reward: -29.0
Results saved to sac_training_results.csv
Results saved to sac_training_results.csv
Results saved to sac_training_results.csv
Results saved to sac_training_results.csv
Results saved to sac_training_results.csv
Results saved to sac_training_results.csv
Results saved to sac_training_results.csv
Results saved to sac_training_results.csv
Results saved to sac_training_results.csv
Results saved to sac_training_results.csv
Episode 3200 	 Average Reward: -29.0
Results saved to sac_training_results.csv
Results saved to sac_training_results.csv
Results saved to sac_training_results.csv
Results saved to sac_training_results.csv
Results saved to sac_training_results.csv
Results saved to sac_training_results.csv
Results saved to sac_training_results.csv
Results saved to sac_training_results.csv
Results saved to sac_training_results.csv
Results saved to sac_training_results.csv
Episode 3300 	 Average Reward: -29.0
Results saved to sac_training_results.csv
Results saved to sac_training_results.csv
Results saved to sac_training_results.csv
Results saved to sac_training_results.csv
Results saved to sac_training_results.csv
Results saved to sac_training_results.csv
Results saved to sac_training_results.csv
Results saved to sac_training_results.csv
Results saved to sac_training_results.csv
Results saved to sac_training_results.csv
Episode 3400 	 Average Reward: -29.0
Results saved to sac_training_results.csv
Results saved to sac_training_results.csv
Results saved to sac_training_results.csv
Results saved to sac_training_results.csv
Results saved to sac_training_results.csv
Results saved to sac_training_results.csv
Results saved to sac_training_results.csv
Results saved to sac_training_results.csv
Results saved to sac_training_results.csv
Results saved to sac_training_results.csv
Episode 3500 	 Average Reward: -29.0
Results saved to sac_training_results.csv
Results saved to sac_training_results.csv
Results saved to sac_training_results.csv
Results saved to sac_training_results.csv
Results saved to sac_training_results.csv
Results saved to sac_training_results.csv
Results saved to sac_training_results.csv
Results saved to sac_training_results.csv
Results saved to sac_training_results.csv
Results saved to sac_training_results.csv
Episode 3600 	 Average Reward: -29.0
Results saved to sac_training_results.csv
Results saved to sac_training_results.csv
Results saved to sac_training_results.csv
Results saved to sac_training_results.csv
Results saved to sac_training_results.csv
Results saved to sac_training_results.csv
Results saved to sac_training_results.csv
Results saved to sac_training_results.csv
Results saved to sac_training_results.csv
Results saved to sac_training_results.csv
Episode 3700 	 Average Reward: -29.0
Results saved to sac_training_results.csv
Results saved to sac_training_results.csv
Results saved to sac_training_results.csv
Results saved to sac_training_results.csv
Results saved to sac_training_results.csv
Results saved to sac_training_results.csv
Results saved to sac_training_results.csv
Results saved to sac_training_results.csv
Results saved to sac_training_results.csv
Results saved to sac_training_results.csv
Episode 3800 	 Average Reward: -29.0
Results saved to sac_training_results.csv
Results saved to sac_training_results.csv
Results saved to sac_training_results.csv
Results saved to sac_training_results.csv
Results saved to sac_training_results.csv
Results saved to sac_training_results.csv
Results saved to sac_training_results.csv
Results saved to sac_training_results.csv
Results saved to sac_training_results.csv
Results saved to sac_training_results.csv
Episode 3900 	 Average Reward: -29.0
Results saved to sac_training_results.csv
Results saved to sac_training_results.csv
Results saved to sac_training_results.csv
Results saved to sac_training_results.csv
Results saved to sac_training_results.csv
Results saved to sac_training_results.csv
Results saved to sac_training_results.csv
Results saved to sac_training_results.csv
Results saved to sac_training_results.csv
Results saved to sac_training_results.csv
Episode 4000 	 Average Reward: -29.0
Results saved to sac_training_results.csv
Results saved to sac_training_results.csv
Results saved to sac_training_results.csv
Results saved to sac_training_results.csv
Results saved to sac_training_results.csv
Results saved to sac_training_results.csv
Results saved to sac_training_results.csv
Results saved to sac_training_results.csv
Results saved to sac_training_results.csv
Results saved to sac_training_results.csv
Episode 4100 	 Average Reward: -29.0
Results saved to sac_training_results.csv
Results saved to sac_training_results.csv
Results saved to sac_training_results.csv
Results saved to sac_training_results.csv
Results saved to sac_training_results.csv
Results saved to sac_training_results.csv
Results saved to sac_training_results.csv
Results saved to sac_training_results.csv
Results saved to sac_training_results.csv
Results saved to sac_training_results.csv
Episode 4200 	 Average Reward: -29.0
Results saved to sac_training_results.csv
Results saved to sac_training_results.csv
Results saved to sac_training_results.csv
Results saved to sac_training_results.csv
Results saved to sac_training_results.csv
Results saved to sac_training_results.csv
Results saved to sac_training_results.csv
Results saved to sac_training_results.csv
Results saved to sac_training_results.csv
Results saved to sac_training_results.csv
Episode 4300 	 Average Reward: -29.0
Results saved to sac_training_results.csv
Results saved to sac_training_results.csv
Results saved to sac_training_results.csv
Results saved to sac_training_results.csv
Results saved to sac_training_results.csv
Results saved to sac_training_results.csv
Results saved to sac_training_results.csv
Results saved to sac_training_results.csv
Results saved to sac_training_results.csv
Results saved to sac_training_results.csv
Episode 4400 	 Average Reward: -29.0
Results saved to sac_training_results.csv
Results saved to sac_training_results.csv
Results saved to sac_training_results.csv
Results saved to sac_training_results.csv
Results saved to sac_training_results.csv
Results saved to sac_training_results.csv
Results saved to sac_training_results.csv
Results saved to sac_training_results.csv
Results saved to sac_training_results.csv
Results saved to sac_training_results.csv
Episode 4500 	 Average Reward: -29.0
Results saved to sac_training_results.csv
Results saved to sac_training_results.csv
Results saved to sac_training_results.csv
Results saved to sac_training_results.csv
Results saved to sac_training_results.csv
Results saved to sac_training_results.csv
Results saved to sac_training_results.csv
Results saved to sac_training_results.csv
Results saved to sac_training_results.csv
Results saved to sac_training_results.csv
Episode 4600 	 Average Reward: -29.0
Results saved to sac_training_results.csv
Results saved to sac_training_results.csv
Results saved to sac_training_results.csv
Results saved to sac_training_results.csv
Results saved to sac_training_results.csv
Results saved to sac_training_results.csv
Results saved to sac_training_results.csv
Results saved to sac_training_results.csv
Results saved to sac_training_results.csv
Results saved to sac_training_results.csv
Episode 4700 	 Average Reward: -29.0
Results saved to sac_training_results.csv
Results saved to sac_training_results.csv
Results saved to sac_training_results.csv
Results saved to sac_training_results.csv
Results saved to sac_training_results.csv
Results saved to sac_training_results.csv
Results saved to sac_training_results.csv
Results saved to sac_training_results.csv
Results saved to sac_training_results.csv
Results saved to sac_training_results.csv
Episode 4800 	 Average Reward: -29.0
Results saved to sac_training_results.csv
Results saved to sac_training_results.csv
Results saved to sac_training_results.csv
Results saved to sac_training_results.csv
Results saved to sac_training_results.csv
Results saved to sac_training_results.csv
Results saved to sac_training_results.csv
Results saved to sac_training_results.csv
Results saved to sac_training_results.csv
Results saved to sac_training_results.csv
Episode 4900 	 Average Reward: -29.0
Results saved to sac_training_results.csv
Results saved to sac_training_results.csv
Results saved to sac_training_results.csv
Results saved to sac_training_results.csv
Results saved to sac_training_results.csv
Results saved to sac_training_results.csv
Results saved to sac_training_results.csv
Results saved to sac_training_results.csv
Results saved to sac_training_results.csv
Results saved to sac_training_results.csv
Episode 5000 	 Average Reward: -29.0
Results saved to sac_training_results.csv
Results saved to sac_training_results.csv
Results saved to sac_training_results.csv
Results saved to sac_training_results.csv
Results saved to sac_training_results.csv
Results saved to sac_training_results.csv
Results saved to sac_training_results.csv
Results saved to sac_training_results.csv
Results saved to sac_training_results.csv
Results saved to sac_training_results.csv
Episode 5100 	 Average Reward: -29.0
Results saved to sac_training_results.csv
Results saved to sac_training_results.csv
Results saved to sac_training_results.csv
Results saved to sac_training_results.csv
Results saved to sac_training_results.csv
Results saved to sac_training_results.csv
Results saved to sac_training_results.csv
Results saved to sac_training_results.csv
Results saved to sac_training_results.csv
Results saved to sac_training_results.csv
Episode 5200 	 Average Reward: -29.0
Results saved to sac_training_results.csv
Results saved to sac_training_results.csv
Results saved to sac_training_results.csv
Results saved to sac_training_results.csv
Results saved to sac_training_results.csv
Results saved to sac_training_results.csv
Results saved to sac_training_results.csv
Results saved to sac_training_results.csv
Results saved to sac_training_results.csv
Results saved to sac_training_results.csv
Episode 5300 	 Average Reward: -29.0
Results saved to sac_training_results.csv
Results saved to sac_training_results.csv
Results saved to sac_training_results.csv
Results saved to sac_training_results.csv
Results saved to sac_training_results.csv
Results saved to sac_training_results.csv
Results saved to sac_training_results.csv
Results saved to sac_training_results.csv
Results saved to sac_training_results.csv
Results saved to sac_training_results.csv
Episode 5400 	 Average Reward: -29.0
Results saved to sac_training_results.csv
Results saved to sac_training_results.csv
Results saved to sac_training_results.csv
Results saved to sac_training_results.csv
Results saved to sac_training_results.csv
Results saved to sac_training_results.csv
Results saved to sac_training_results.csv
Results saved to sac_training_results.csv
Results saved to sac_training_results.csv
Results saved to sac_training_results.csv
Episode 5500 	 Average Reward: -29.0
Results saved to sac_training_results.csv
Results saved to sac_training_results.csv
Results saved to sac_training_results.csv
Results saved to sac_training_results.csv
Results saved to sac_training_results.csv
Results saved to sac_training_results.csv
Results saved to sac_training_results.csv
Results saved to sac_training_results.csv
Results saved to sac_training_results.csv
Results saved to sac_training_results.csv
Episode 5600 	 Average Reward: -29.0
Results saved to sac_training_results.csv
Results saved to sac_training_results.csv
Results saved to sac_training_results.csv
Results saved to sac_training_results.csv
Results saved to sac_training_results.csv
Results saved to sac_training_results.csv
Results saved to sac_training_results.csv
Results saved to sac_training_results.csv
Results saved to sac_training_results.csv
Results saved to sac_training_results.csv
Episode 5700 	 Average Reward: -29.0
Results saved to sac_training_results.csv
Results saved to sac_training_results.csv
Results saved to sac_training_results.csv
Results saved to sac_training_results.csv
Results saved to sac_training_results.csv
Results saved to sac_training_results.csv
Results saved to sac_training_results.csv
Results saved to sac_training_results.csv
Results saved to sac_training_results.csv
Results saved to sac_training_results.csv
Episode 5800 	 Average Reward: -29.0
Results saved to sac_training_results.csv
Results saved to sac_training_results.csv
Results saved to sac_training_results.csv
Results saved to sac_training_results.csv
Results saved to sac_training_results.csv
Results saved to sac_training_results.csv
Results saved to sac_training_results.csv
Results saved to sac_training_results.csv
Results saved to sac_training_results.csv
Results saved to sac_training_results.csv
Episode 5900 	 Average Reward: -29.0
Results saved to sac_training_results.csv
Results saved to sac_training_results.csv
Results saved to sac_training_results.csv
Results saved to sac_training_results.csv
Results saved to sac_training_results.csv
Results saved to sac_training_results.csv
Results saved to sac_training_results.csv
Results saved to sac_training_results.csv
Results saved to sac_training_results.csv
Results saved to sac_training_results.csv
Episode 6000 	 Average Reward: -29.0
Results saved to sac_training_results.csv
Results saved to sac_training_results.csv
Results saved to sac_training_results.csv
Results saved to sac_training_results.csv
Results saved to sac_training_results.csv
Results saved to sac_training_results.csv
Results saved to sac_training_results.csv
Results saved to sac_training_results.csv
Results saved to sac_training_results.csv
Results saved to sac_training_results.csv
Episode 6100 	 Average Reward: -29.0
Results saved to sac_training_results.csv
Results saved to sac_training_results.csv
Results saved to sac_training_results.csv
Results saved to sac_training_results.csv
Results saved to sac_training_results.csv
Results saved to sac_training_results.csv
Results saved to sac_training_results.csv
Results saved to sac_training_results.csv
Results saved to sac_training_results.csv
Results saved to sac_training_results.csv
Episode 6200 	 Average Reward: -29.0
Results saved to sac_training_results.csv
Results saved to sac_training_results.csv
Results saved to sac_training_results.csv
Results saved to sac_training_results.csv
Results saved to sac_training_results.csv
Results saved to sac_training_results.csv
Results saved to sac_training_results.csv
Results saved to sac_training_results.csv
Results saved to sac_training_results.csv
Results saved to sac_training_results.csv
Episode 6300 	 Average Reward: -29.0
Results saved to sac_training_results.csv
Results saved to sac_training_results.csv
Results saved to sac_training_results.csv
Results saved to sac_training_results.csv
Results saved to sac_training_results.csv
Results saved to sac_training_results.csv
Results saved to sac_training_results.csv
Results saved to sac_training_results.csv
Results saved to sac_training_results.csv
Results saved to sac_training_results.csv
Episode 6400 	 Average Reward: -29.0
Results saved to sac_training_results.csv
Results saved to sac_training_results.csv
Results saved to sac_training_results.csv
Results saved to sac_training_results.csv
Results saved to sac_training_results.csv
Results saved to sac_training_results.csv
Results saved to sac_training_results.csv
Results saved to sac_training_results.csv
Results saved to sac_training_results.csv
Results saved to sac_training_results.csv
Episode 6500 	 Average Reward: -29.0
Results saved to sac_training_results.csv
Results saved to sac_training_results.csv
Results saved to sac_training_results.csv
Results saved to sac_training_results.csv
Results saved to sac_training_results.csv
Results saved to sac_training_results.csv
Results saved to sac_training_results.csv
Results saved to sac_training_results.csv
Results saved to sac_training_results.csv
Results saved to sac_training_results.csv
Episode 6600 	 Average Reward: -29.0
Results saved to sac_training_results.csv
Results saved to sac_training_results.csv
Results saved to sac_training_results.csv
Results saved to sac_training_results.csv
Results saved to sac_training_results.csv
Results saved to sac_training_results.csv
Results saved to sac_training_results.csv
Results saved to sac_training_results.csv
Results saved to sac_training_results.csv
Results saved to sac_training_results.csv
Episode 6700 	 Average Reward: -29.0
Results saved to sac_training_results.csv
Results saved to sac_training_results.csv
Results saved to sac_training_results.csv
Results saved to sac_training_results.csv
Results saved to sac_training_results.csv
Results saved to sac_training_results.csv
Results saved to sac_training_results.csv
Results saved to sac_training_results.csv
Results saved to sac_training_results.csv
Results saved to sac_training_results.csv
Episode 6800 	 Average Reward: -29.0
Results saved to sac_training_results.csv
Results saved to sac_training_results.csv
Results saved to sac_training_results.csv
Results saved to sac_training_results.csv
Results saved to sac_training_results.csv
Results saved to sac_training_results.csv
Results saved to sac_training_results.csv
Results saved to sac_training_results.csv
Results saved to sac_training_results.csv
Results saved to sac_training_results.csv
Episode 6900 	 Average Reward: -29.0
Results saved to sac_training_results.csv
Results saved to sac_training_results.csv
Results saved to sac_training_results.csv
Results saved to sac_training_results.csv
Results saved to sac_training_results.csv
Results saved to sac_training_results.csv
Results saved to sac_training_results.csv
Results saved to sac_training_results.csv
Results saved to sac_training_results.csv
Results saved to sac_training_results.csv
Episode 7000 	 Average Reward: -29.0
Results saved to sac_training_results.csv
Results saved to sac_training_results.csv
Results saved to sac_training_results.csv
Results saved to sac_training_results.csv
Results saved to sac_training_results.csv
Results saved to sac_training_results.csv
Results saved to sac_training_results.csv
Results saved to sac_training_results.csv
Results saved to sac_training_results.csv
Results saved to sac_training_results.csv
Episode 7100 	 Average Reward: -29.0
Results saved to sac_training_results.csv
Results saved to sac_training_results.csv
Results saved to sac_training_results.csv
Results saved to sac_training_results.csv
Results saved to sac_training_results.csv
Results saved to sac_training_results.csv
Results saved to sac_training_results.csv
Results saved to sac_training_results.csv
Results saved to sac_training_results.csv
Results saved to sac_training_results.csv
Episode 7200 	 Average Reward: -29.0
Results saved to sac_training_results.csv
Results saved to sac_training_results.csv
Results saved to sac_training_results.csv
Results saved to sac_training_results.csv
Results saved to sac_training_results.csv
Results saved to sac_training_results.csv
Results saved to sac_training_results.csv
Results saved to sac_training_results.csv
Results saved to sac_training_results.csv
Results saved to sac_training_results.csv
Episode 7300 	 Average Reward: -29.0
Results saved to sac_training_results.csv
Results saved to sac_training_results.csv
Results saved to sac_training_results.csv
Results saved to sac_training_results.csv
Results saved to sac_training_results.csv
Results saved to sac_training_results.csv
Results saved to sac_training_results.csv
Results saved to sac_training_results.csv
Results saved to sac_training_results.csv
Results saved to sac_training_results.csv
Episode 7400 	 Average Reward: -29.0
Results saved to sac_training_results.csv
Results saved to sac_training_results.csv
Results saved to sac_training_results.csv
Results saved to sac_training_results.csv
Results saved to sac_training_results.csv
Results saved to sac_training_results.csv
Results saved to sac_training_results.csv
Results saved to sac_training_results.csv
Results saved to sac_training_results.csv
Results saved to sac_training_results.csv
Episode 7500 	 Average Reward: -29.0
Results saved to sac_training_results.csv
Results saved to sac_training_results.csv
Results saved to sac_training_results.csv
Results saved to sac_training_results.csv
Results saved to sac_training_results.csv
Results saved to sac_training_results.csv
Results saved to sac_training_results.csv
Results saved to sac_training_results.csv
Results saved to sac_training_results.csv
Results saved to sac_training_results.csv
Episode 7600 	 Average Reward: -29.0
Results saved to sac_training_results.csv
Results saved to sac_training_results.csv
Results saved to sac_training_results.csv
Results saved to sac_training_results.csv
Results saved to sac_training_results.csv
Results saved to sac_training_results.csv
Results saved to sac_training_results.csv
Results saved to sac_training_results.csv
Results saved to sac_training_results.csv
Results saved to sac_training_results.csv
Episode 7700 	 Average Reward: -29.0
Results saved to sac_training_results.csv
Results saved to sac_training_results.csv
Results saved to sac_training_results.csv
Results saved to sac_training_results.csv
Results saved to sac_training_results.csv
Results saved to sac_training_results.csv
Results saved to sac_training_results.csv
Results saved to sac_training_results.csv
Results saved to sac_training_results.csv
Results saved to sac_training_results.csv
Episode 7800 	 Average Reward: -29.0
Results saved to sac_training_results.csv
Results saved to sac_training_results.csv
Results saved to sac_training_results.csv
Results saved to sac_training_results.csv
Results saved to sac_training_results.csv
Results saved to sac_training_results.csv
Results saved to sac_training_results.csv
Results saved to sac_training_results.csv
Results saved to sac_training_results.csv
Results saved to sac_training_results.csv
Episode 7900 	 Average Reward: -29.0
Results saved to sac_training_results.csv
Results saved to sac_training_results.csv
Results saved to sac_training_results.csv
Results saved to sac_training_results.csv
Results saved to sac_training_results.csv
Results saved to sac_training_results.csv
Results saved to sac_training_results.csv
Results saved to sac_training_results.csv
Results saved to sac_training_results.csv
Results saved to sac_training_results.csv
Episode 8000 	 Average Reward: -29.0
Results saved to sac_training_results.csv
Results saved to sac_training_results.csv
Results saved to sac_training_results.csv
Results saved to sac_training_results.csv
Results saved to sac_training_results.csv
Results saved to sac_training_results.csv
Results saved to sac_training_results.csv
Results saved to sac_training_results.csv
Results saved to sac_training_results.csv
Results saved to sac_training_results.csv
Episode 8100 	 Average Reward: -29.0
Results saved to sac_training_results.csv
Results saved to sac_training_results.csv
Results saved to sac_training_results.csv
Results saved to sac_training_results.csv
Results saved to sac_training_results.csv
Results saved to sac_training_results.csv
Results saved to sac_training_results.csv
Results saved to sac_training_results.csv
Results saved to sac_training_results.csv
Results saved to sac_training_results.csv
Episode 8200 	 Average Reward: -29.0
Results saved to sac_training_results.csv
Results saved to sac_training_results.csv
Results saved to sac_training_results.csv
Results saved to sac_training_results.csv
Results saved to sac_training_results.csv
Results saved to sac_training_results.csv
Results saved to sac_training_results.csv
Results saved to sac_training_results.csv
Results saved to sac_training_results.csv
Results saved to sac_training_results.csv
Episode 8300 	 Average Reward: -29.0
Results saved to sac_training_results.csv
Results saved to sac_training_results.csv
Results saved to sac_training_results.csv
Results saved to sac_training_results.csv
Results saved to sac_training_results.csv
Results saved to sac_training_results.csv
Results saved to sac_training_results.csv
Results saved to sac_training_results.csv
Results saved to sac_training_results.csv
Results saved to sac_training_results.csv
Episode 8400 	 Average Reward: -29.0
Results saved to sac_training_results.csv
Results saved to sac_training_results.csv
Results saved to sac_training_results.csv
Results saved to sac_training_results.csv
Results saved to sac_training_results.csv
Results saved to sac_training_results.csv
Results saved to sac_training_results.csv
Results saved to sac_training_results.csv
Results saved to sac_training_results.csv
Results saved to sac_training_results.csv
Episode 8500 	 Average Reward: -29.0
Results saved to sac_training_results.csv
Results saved to sac_training_results.csv
Results saved to sac_training_results.csv
Results saved to sac_training_results.csv
Results saved to sac_training_results.csv
Results saved to sac_training_results.csv
Results saved to sac_training_results.csv
Results saved to sac_training_results.csv
Results saved to sac_training_results.csv
Results saved to sac_training_results.csv
Episode 8600 	 Average Reward: -29.0
Results saved to sac_training_results.csv
Results saved to sac_training_results.csv
Results saved to sac_training_results.csv
Results saved to sac_training_results.csv
Results saved to sac_training_results.csv
Results saved to sac_training_results.csv
Results saved to sac_training_results.csv
Results saved to sac_training_results.csv
Results saved to sac_training_results.csv
Results saved to sac_training_results.csv
Episode 8700 	 Average Reward: -29.0
Results saved to sac_training_results.csv
Results saved to sac_training_results.csv
Results saved to sac_training_results.csv
Results saved to sac_training_results.csv
Results saved to sac_training_results.csv
Results saved to sac_training_results.csv
Results saved to sac_training_results.csv
Results saved to sac_training_results.csv
Results saved to sac_training_results.csv
Results saved to sac_training_results.csv
Episode 8800 	 Average Reward: -29.0
Results saved to sac_training_results.csv
Results saved to sac_training_results.csv
Results saved to sac_training_results.csv
Results saved to sac_training_results.csv
Results saved to sac_training_results.csv
Results saved to sac_training_results.csv
Results saved to sac_training_results.csv
Results saved to sac_training_results.csv
Results saved to sac_training_results.csv
Results saved to sac_training_results.csv
Episode 8900 	 Average Reward: -29.0
Results saved to sac_training_results.csv
Results saved to sac_training_results.csv
Results saved to sac_training_results.csv
Results saved to sac_training_results.csv
Results saved to sac_training_results.csv
Results saved to sac_training_results.csv
Results saved to sac_training_results.csv
Results saved to sac_training_results.csv
Results saved to sac_training_results.csv
Results saved to sac_training_results.csv
Episode 9000 	 Average Reward: -29.0
Results saved to sac_training_results.csv
Results saved to sac_training_results.csv
Results saved to sac_training_results.csv
Results saved to sac_training_results.csv
Results saved to sac_training_results.csv
Results saved to sac_training_results.csv
Results saved to sac_training_results.csv
Results saved to sac_training_results.csv
Results saved to sac_training_results.csv
Results saved to sac_training_results.csv
Episode 9100 	 Average Reward: -29.0
Results saved to sac_training_results.csv
Results saved to sac_training_results.csv
Results saved to sac_training_results.csv
Results saved to sac_training_results.csv
Results saved to sac_training_results.csv
Results saved to sac_training_results.csv
Results saved to sac_training_results.csv
Results saved to sac_training_results.csv
Results saved to sac_training_results.csv
Results saved to sac_training_results.csv
Episode 9200 	 Average Reward: -29.0
Results saved to sac_training_results.csv
Results saved to sac_training_results.csv
Results saved to sac_training_results.csv
Results saved to sac_training_results.csv
Results saved to sac_training_results.csv
Results saved to sac_training_results.csv
Results saved to sac_training_results.csv
Results saved to sac_training_results.csv
Results saved to sac_training_results.csv
Results saved to sac_training_results.csv
Episode 9300 	 Average Reward: -29.0
Results saved to sac_training_results.csv
Results saved to sac_training_results.csv
Results saved to sac_training_results.csv
Results saved to sac_training_results.csv
Results saved to sac_training_results.csv
Results saved to sac_training_results.csv
Results saved to sac_training_results.csv
Results saved to sac_training_results.csv
Results saved to sac_training_results.csv
Results saved to sac_training_results.csv
Episode 9400 	 Average Reward: -29.0
Results saved to sac_training_results.csv
Results saved to sac_training_results.csv
Results saved to sac_training_results.csv
Results saved to sac_training_results.csv
Results saved to sac_training_results.csv
Results saved to sac_training_results.csv
Results saved to sac_training_results.csv
Results saved to sac_training_results.csv
Results saved to sac_training_results.csv
Results saved to sac_training_results.csv
Episode 9500 	 Average Reward: -29.0
Results saved to sac_training_results.csv
Results saved to sac_training_results.csv
Results saved to sac_training_results.csv
Results saved to sac_training_results.csv
Results saved to sac_training_results.csv
Results saved to sac_training_results.csv
Results saved to sac_training_results.csv
Results saved to sac_training_results.csv
Results saved to sac_training_results.csv
Results saved to sac_training_results.csv
Episode 9600 	 Average Reward: -29.0
Results saved to sac_training_results.csv
Results saved to sac_training_results.csv
Results saved to sac_training_results.csv
Results saved to sac_training_results.csv
Results saved to sac_training_results.csv
Results saved to sac_training_results.csv
Results saved to sac_training_results.csv
Results saved to sac_training_results.csv
Results saved to sac_training_results.csv
Results saved to sac_training_results.csv
Episode 9700 	 Average Reward: -29.0
Results saved to sac_training_results.csv
Results saved to sac_training_results.csv
Results saved to sac_training_results.csv
Results saved to sac_training_results.csv
Results saved to sac_training_results.csv
Results saved to sac_training_results.csv
Results saved to sac_training_results.csv
Results saved to sac_training_results.csv
Results saved to sac_training_results.csv
Results saved to sac_training_results.csv
Episode 9800 	 Average Reward: -29.0
Results saved to sac_training_results.csv
Results saved to sac_training_results.csv
Results saved to sac_training_results.csv
Results saved to sac_training_results.csv
Results saved to sac_training_results.csv
Results saved to sac_training_results.csv
Results saved to sac_training_results.csv
Results saved to sac_training_results.csv
Results saved to sac_training_results.csv
Results saved to sac_training_results.csv
Episode 9900 	 Average Reward: -29.0
Results saved to sac_training_results.csv
Results saved to sac_training_results.csv
Results saved to sac_training_results.csv
Results saved to sac_training_results.csv
Results saved to sac_training_results.csv
Results saved to sac_training_results.csv
Results saved to sac_training_results.csv
Results saved to sac_training_results.csv
Results saved to sac_training_results.csv
Results saved to sac_training_results.csv
Episode 10000 	 Average Reward: -29.0
Results saved to sac_training_results.csv
Results saved to sac_training_results.csv
